{"meta": {"format": 3, "version": "7.10.7", "timestamp": "2025-10-02T09:29:43.579511", "branch_coverage": false, "show_contexts": false}, "files": {"penin/__init__.py": {"executed_lines": [1, 3, 5, 7, 8, 10, 11, 15], "summary": {"covered_lines": 5, "num_statements": 5, "percent_covered": 100.0, "percent_covered_display": "100", "missing_lines": 0, "excluded_lines": 4}, "missing_lines": [], "excluded_lines": [10, 11, 12, 13], "functions": {"": {"executed_lines": [1, 3, 5, 7, 8, 10, 11, 15], "summary": {"covered_lines": 5, "num_statements": 5, "percent_covered": 100.0, "percent_covered_display": "100", "missing_lines": 0, "excluded_lines": 4}, "missing_lines": [], "excluded_lines": [10, 11, 12, 13]}}, "classes": {"": {"executed_lines": [1, 3, 5, 7, 8, 10, 11, 15], "summary": {"covered_lines": 5, "num_statements": 5, "percent_covered": 100.0, "percent_covered_display": "100", "missing_lines": 0, "excluded_lines": 4}, "missing_lines": [], "excluded_lines": [10, 11, 12, 13]}}}, "penin/__main__.py": {"executed_lines": [], "summary": {"covered_lines": 0, "num_statements": 51, "percent_covered": 0.0, "percent_covered_display": "0", "missing_lines": 51, "excluded_lines": 2}, "missing_lines": [8, 10, 11, 13, 16, 19, 22, 30, 32, 33, 34, 35, 36, 37, 39, 42, 52, 53, 55, 58, 61, 62, 63, 64, 65, 66, 67, 69, 70, 71, 72, 75, 77, 81, 87, 88, 91, 92, 93, 95, 96, 97, 98, 101, 102, 104, 105, 106, 107, 108, 110], "excluded_lines": [113, 114], "functions": {"signal_handler": {"executed_lines": [], "summary": {"covered_lines": 0, "num_statements": 8, "percent_covered": 0.0, "percent_covered_display": "0", "missing_lines": 8, "excluded_lines": 0}, "missing_lines": [30, 32, 33, 34, 35, 36, 37, 39], "excluded_lines": []}, "main": {"executed_lines": [], "summary": {"covered_lines": 0, "num_statements": 35, "percent_covered": 0.0, "percent_covered_display": "0", "missing_lines": 35, "excluded_lines": 0}, "missing_lines": [52, 53, 55, 58, 61, 62, 63, 64, 65, 66, 67, 69, 70, 71, 72, 75, 77, 81, 87, 88, 91, 92, 93, 95, 96, 97, 98, 101, 102, 104, 105, 106, 107, 108, 110], "excluded_lines": []}, "": {"executed_lines": [], "summary": {"covered_lines": 0, "num_statements": 8, "percent_covered": 0.0, "percent_covered_display": "0", "missing_lines": 8, "excluded_lines": 2}, "missing_lines": [8, 10, 11, 13, 16, 19, 22, 42], "excluded_lines": [113, 114]}}, "classes": {"": {"executed_lines": [], "summary": {"covered_lines": 0, "num_statements": 51, "percent_covered": 0.0, "percent_covered_display": "0", "missing_lines": 51, "excluded_lines": 2}, "missing_lines": [8, 10, 11, 13, 16, 19, 22, 30, 32, 33, 34, 35, 36, 37, 39, 42, 52, 53, 55, 58, 61, 62, 63, 64, 65, 66, 67, 69, 70, 71, 72, 75, 77, 81, 87, 88, 91, 92, 93, 95, 96, 97, 98, 101, 102, 104, 105, 106, 107, 108, 110], "excluded_lines": [113, 114]}}}, "penin/auto_docs.py": {"executed_lines": [], "summary": {"covered_lines": 0, "num_statements": 6, "percent_covered": 0.0, "percent_covered_display": "0", "missing_lines": 6, "excluded_lines": 0}, "missing_lines": [1, 2, 5, 6, 7, 25], "excluded_lines": [], "functions": {"update_readme": {"executed_lines": [], "summary": {"covered_lines": 0, "num_statements": 3, "percent_covered": 0.0, "percent_covered_display": "0", "missing_lines": 3, "excluded_lines": 0}, "missing_lines": [6, 7, 25], "excluded_lines": []}, "": {"executed_lines": [], "summary": {"covered_lines": 0, "num_statements": 3, "percent_covered": 0.0, "percent_covered_display": "0", "missing_lines": 3, "excluded_lines": 0}, "missing_lines": [1, 2, 5], "excluded_lines": []}}, "classes": {"": {"executed_lines": [], "summary": {"covered_lines": 0, "num_statements": 6, "percent_covered": 0.0, "percent_covered_display": "0", "missing_lines": 6, "excluded_lines": 0}, "missing_lines": [1, 2, 5, 6, 7, 25], "excluded_lines": []}}}, "penin/bridge.py": {"executed_lines": [], "summary": {"covered_lines": 0, "num_statements": 28, "percent_covered": 0.0, "percent_covered_display": "0", "missing_lines": 28, "excluded_lines": 0}, "missing_lines": [1, 3, 4, 5, 6, 7, 8, 9, 10, 13, 20, 21, 22, 23, 24, 25, 26, 27, 28, 29, 30, 31, 32, 33, 34, 35, 36, 37], "excluded_lines": [], "functions": {"llm_orchestrate": {"executed_lines": [], "summary": {"covered_lines": 0, "num_statements": 18, "percent_covered": 0.0, "percent_covered_display": "0", "missing_lines": 18, "excluded_lines": 0}, "missing_lines": [20, 21, 22, 23, 24, 25, 26, 27, 28, 29, 30, 31, 32, 33, 34, 35, 36, 37], "excluded_lines": []}, "": {"executed_lines": [], "summary": {"covered_lines": 0, "num_statements": 10, "percent_covered": 0.0, "percent_covered_display": "0", "missing_lines": 10, "excluded_lines": 0}, "missing_lines": [1, 3, 4, 5, 6, 7, 8, 9, 10, 13], "excluded_lines": []}}, "classes": {"": {"executed_lines": [], "summary": {"covered_lines": 0, "num_statements": 28, "percent_covered": 0.0, "percent_covered_display": "0", "missing_lines": 28, "excluded_lines": 0}, "missing_lines": [1, 3, 4, 5, 6, 7, 8, 9, 10, 13, 20, 21, 22, 23, 24, 25, 26, 27, 28, 29, 30, 31, 32, 33, 34, 35, 36, 37], "excluded_lines": []}}}, "penin/cache.py": {"executed_lines": [1, 3, 4, 5, 6, 7, 8, 9, 10, 12, 13, 30, 33, 34, 41, 49, 50, 52, 53, 54, 55, 58, 61, 64, 65, 68, 70, 71, 73, 74, 76, 77, 80, 81, 82, 83, 84, 85, 87, 89, 90, 91, 92, 93, 95, 97, 98, 99, 100, 101, 102, 104, 107, 108, 109, 110, 112, 113, 114, 115, 116, 117, 119, 120, 125, 127, 128, 129, 131, 134, 135, 136, 137, 138, 140, 141, 143, 145, 150, 151, 152, 153, 154, 158, 160, 161, 162, 163, 164, 165, 166, 177, 179, 181, 182, 184, 185], "summary": {"covered_lines": 96, "num_statements": 101, "percent_covered": 95.04950495049505, "percent_covered_display": "95", "missing_lines": 5, "excluded_lines": 13}, "missing_lines": [146, 147, 148, 155, 156], "excluded_lines": [14, 15, 17, 18, 19, 20, 21, 22, 23, 24, 25, 26, 28], "functions": {"SecureCache.__init__": {"executed_lines": [49, 50, 52, 53, 54, 55, 58, 61, 64, 65], "summary": {"covered_lines": 10, "num_statements": 10, "percent_covered": 100.0, "percent_covered_display": "100", "missing_lines": 0, "excluded_lines": 0}, "missing_lines": [], "excluded_lines": []}, "SecureCache._path": {"executed_lines": [70, 71], "summary": {"covered_lines": 2, "num_statements": 2, "percent_covered": 100.0, "percent_covered_display": "100", "missing_lines": 0, "excluded_lines": 0}, "missing_lines": [], "excluded_lines": []}, "SecureCache._mac": {"executed_lines": [74], "summary": {"covered_lines": 1, "num_statements": 1, "percent_covered": 100.0, "percent_covered_display": "100", "missing_lines": 0, "excluded_lines": 0}, "missing_lines": [], "excluded_lines": []}, "SecureCache._is_expired": {"executed_lines": [77], "summary": {"covered_lines": 1, "num_statements": 1, "percent_covered": 100.0, "percent_covered_display": "100", "missing_lines": 0, "excluded_lines": 0}, "missing_lines": [], "excluded_lines": []}, "SecureCache.set": {"executed_lines": [81, 82, 83, 84, 85, 87, 89, 90, 91, 92, 93], "summary": {"covered_lines": 11, "num_statements": 11, "percent_covered": 100.0, "percent_covered_display": "100", "missing_lines": 0, "excluded_lines": 0}, "missing_lines": [], "excluded_lines": []}, "SecureCache.get": {"executed_lines": [97, 98, 99, 100, 101, 102, 104, 107, 108, 109, 110, 112, 113, 114, 115, 116, 117, 119, 120, 125, 127, 128, 129, 131, 134, 135, 136, 137, 138, 140, 141, 143, 145], "summary": {"covered_lines": 33, "num_statements": 36, "percent_covered": 91.66666666666667, "percent_covered_display": "92", "missing_lines": 3, "excluded_lines": 0}, "missing_lines": [146, 147, 148], "excluded_lines": []}, "SecureCache.clear": {"executed_lines": [151, 152, 153, 154], "summary": {"covered_lines": 4, "num_statements": 6, "percent_covered": 66.66666666666667, "percent_covered_display": "67", "missing_lines": 2, "excluded_lines": 0}, "missing_lines": [155, 156], "excluded_lines": []}, "SecureCache.get_stats": {"executed_lines": [160, 161, 162, 163, 164, 165, 166], "summary": {"covered_lines": 7, "num_statements": 7, "percent_covered": 100.0, "percent_covered_display": "100", "missing_lines": 0, "excluded_lines": 0}, "missing_lines": [], "excluded_lines": []}, "SecureCache.close": {"executed_lines": [179], "summary": {"covered_lines": 1, "num_statements": 1, "percent_covered": 100.0, "percent_covered_display": "100", "missing_lines": 0, "excluded_lines": 0}, "missing_lines": [], "excluded_lines": []}, "SecureCache.__enter__": {"executed_lines": [182], "summary": {"covered_lines": 1, "num_statements": 1, "percent_covered": 100.0, "percent_covered_display": "100", "missing_lines": 0, "excluded_lines": 0}, "missing_lines": [], "excluded_lines": []}, "SecureCache.__exit__": {"executed_lines": [185], "summary": {"covered_lines": 1, "num_statements": 1, "percent_covered": 100.0, "percent_covered_display": "100", "missing_lines": 0, "excluded_lines": 0}, "missing_lines": [], "excluded_lines": []}, "": {"executed_lines": [1, 3, 4, 5, 6, 7, 8, 9, 10, 12, 13, 30, 33, 34, 41, 68, 73, 76, 80, 95, 150, 158, 177, 181, 184], "summary": {"covered_lines": 24, "num_statements": 24, "percent_covered": 100.0, "percent_covered_display": "100", "missing_lines": 0, "excluded_lines": 13}, "missing_lines": [], "excluded_lines": [14, 15, 17, 18, 19, 20, 21, 22, 23, 24, 25, 26, 28]}}, "classes": {"SecureCache": {"executed_lines": [49, 50, 52, 53, 54, 55, 58, 61, 64, 65, 70, 71, 74, 77, 81, 82, 83, 84, 85, 87, 89, 90, 91, 92, 93, 97, 98, 99, 100, 101, 102, 104, 107, 108, 109, 110, 112, 113, 114, 115, 116, 117, 119, 120, 125, 127, 128, 129, 131, 134, 135, 136, 137, 138, 140, 141, 143, 145, 151, 152, 153, 154, 160, 161, 162, 163, 164, 165, 166, 179, 182, 185], "summary": {"covered_lines": 72, "num_statements": 77, "percent_covered": 93.50649350649351, "percent_covered_display": "94", "missing_lines": 5, "excluded_lines": 0}, "missing_lines": [146, 147, 148, 155, 156], "excluded_lines": []}, "": {"executed_lines": [1, 3, 4, 5, 6, 7, 8, 9, 10, 12, 13, 30, 33, 34, 41, 68, 73, 76, 80, 95, 150, 158, 177, 181, 184], "summary": {"covered_lines": 24, "num_statements": 24, "percent_covered": 100.0, "percent_covered_display": "100", "missing_lines": 0, "excluded_lines": 13}, "missing_lines": [], "excluded_lines": [14, 15, 17, 18, 19, 20, 21, 22, 23, 24, 25, 26, 28]}}}, "penin/cli.py": {"executed_lines": [], "summary": {"covered_lines": 0, "num_statements": 357, "percent_covered": 0.0, "percent_covered_display": "0", "missing_lines": 357, "excluded_lines": 2}, "missing_lines": [17, 18, 19, 20, 21, 25, 26, 28, 29, 31, 32, 33, 34, 36, 37, 38, 39, 40, 41, 43, 44, 45, 46, 47, 48, 49, 50, 51, 54, 57, 58, 59, 62, 63, 65, 69, 70, 72, 74, 75, 78, 87, 88, 89, 90, 91, 92, 93, 94, 97, 98, 99, 100, 101, 103, 105, 107, 109, 110, 112, 113, 114, 115, 117, 120, 122, 123, 124, 125, 127, 129, 130, 131, 133, 135, 136, 138, 139, 140, 143, 144, 146, 148, 150, 157, 158, 159, 160, 161, 162, 163, 164, 165, 168, 169, 170, 171, 172, 174, 176, 177, 178, 180, 182, 183, 185, 186, 188, 190, 191, 192, 193, 196, 198, 199, 202, 203, 204, 205, 207, 209, 210, 212, 213, 214, 216, 218, 219, 221, 222, 224, 225, 227, 228, 229, 230, 231, 233, 236, 238, 239, 240, 242, 243, 245, 246, 247, 249, 251, 252, 254, 256, 258, 259, 260, 263, 264, 266, 267, 268, 269, 270, 271, 273, 275, 276, 279, 280, 281, 282, 283, 286, 287, 288, 289, 290, 291, 292, 293, 294, 297, 298, 299, 300, 301, 302, 304, 306, 307, 308, 310, 312, 313, 315, 316, 318, 320, 327, 328, 330, 331, 332, 334, 335, 337, 339, 340, 341, 342, 343, 344, 346, 348, 349, 350, 353, 354, 355, 357, 360, 361, 363, 364, 366, 371, 372, 379, 382, 385, 388, 389, 390, 393, 396, 397, 400, 401, 404, 405, 406, 407, 408, 409, 410, 411, 412, 413, 414, 415, 416, 417, 418, 421, 422, 423, 424, 425, 426, 427, 428, 429, 430, 431, 432, 433, 434, 437, 438, 439, 440, 441, 442, 443, 444, 445, 446, 449, 450, 451, 452, 453, 454, 455, 456, 458, 460, 461, 462, 464, 465, 468, 470, 485, 488, 489, 492, 493, 494, 495, 496, 497, 500, 501, 502, 503, 506, 507, 510, 511, 516, 517, 520, 521, 522, 523, 526, 527, 528, 529, 531, 534, 536, 537, 539, 540, 541, 544, 545, 546, 549, 550, 551, 552, 553, 556, 557, 558, 559, 560, 561, 562, 563, 564, 565, 566, 567, 568, 569, 570, 572, 573, 575, 576, 577, 578, 579, 580], "excluded_lines": [583, 584], "functions": {"PeninCLI.__init__": {"executed_lines": [], "summary": {"covered_lines": 0, "num_statements": 7, "percent_covered": 0.0, "percent_covered_display": "0", "missing_lines": 7, "excluded_lines": 0}, "missing_lines": [58, 59, 62, 63, 65, 69, 70], "excluded_lines": []}, "PeninCLI.cmd_evolve": {"executed_lines": [], "summary": {"covered_lines": 0, "num_statements": 30, "percent_covered": 0.0, "percent_covered_display": "0", "missing_lines": 30, "excluded_lines": 0}, "missing_lines": [74, 75, 78, 87, 88, 89, 90, 91, 92, 93, 94, 97, 105, 107, 109, 110, 112, 113, 114, 115, 117, 120, 122, 123, 124, 125, 127, 129, 130, 131], "excluded_lines": []}, "PeninCLI.cmd_evolve.mock_model": {"executed_lines": [], "summary": {"covered_lines": 0, "num_statements": 5, "percent_covered": 0.0, "percent_covered_display": "0", "missing_lines": 5, "excluded_lines": 0}, "missing_lines": [98, 99, 100, 101, 103], "excluded_lines": []}, "PeninCLI.cmd_evaluate": {"executed_lines": [], "summary": {"covered_lines": 0, "num_statements": 27, "percent_covered": 0.0, "percent_covered_display": "0", "missing_lines": 27, "excluded_lines": 0}, "missing_lines": [135, 136, 138, 139, 140, 143, 146, 148, 150, 157, 158, 159, 160, 161, 162, 163, 164, 165, 168, 169, 170, 171, 172, 174, 176, 177, 178], "excluded_lines": []}, "PeninCLI.cmd_evaluate.mock_model": {"executed_lines": [], "summary": {"covered_lines": 0, "num_statements": 1, "percent_covered": 0.0, "percent_covered_display": "0", "missing_lines": 1, "excluded_lines": 0}, "missing_lines": [144], "excluded_lines": []}, "PeninCLI.cmd_promote": {"executed_lines": [], "summary": {"covered_lines": 0, "num_statements": 22, "percent_covered": 0.0, "percent_covered_display": "0", "missing_lines": 22, "excluded_lines": 0}, "missing_lines": [182, 183, 185, 186, 188, 190, 191, 192, 193, 196, 198, 199, 202, 203, 204, 205, 207, 209, 210, 212, 213, 214], "excluded_lines": []}, "PeninCLI.cmd_rollback": {"executed_lines": [], "summary": {"covered_lines": 0, "num_statements": 21, "percent_covered": 0.0, "percent_covered_display": "0", "missing_lines": 21, "excluded_lines": 0}, "missing_lines": [218, 219, 221, 222, 224, 225, 227, 228, 229, 230, 231, 233, 236, 238, 239, 240, 242, 243, 245, 246, 247], "excluded_lines": []}, "PeninCLI.cmd_status": {"executed_lines": [], "summary": {"covered_lines": 0, "num_statements": 42, "percent_covered": 0.0, "percent_covered_display": "0", "missing_lines": 42, "excluded_lines": 0}, "missing_lines": [251, 252, 254, 256, 258, 259, 260, 263, 264, 266, 267, 268, 269, 270, 271, 273, 275, 276, 279, 280, 281, 282, 283, 286, 287, 288, 289, 290, 291, 292, 293, 294, 297, 298, 299, 300, 301, 302, 304, 306, 307, 308], "excluded_lines": []}, "PeninCLI.cmd_dashboard": {"executed_lines": [], "summary": {"covered_lines": 0, "num_statements": 27, "percent_covered": 0.0, "percent_covered_display": "0", "missing_lines": 27, "excluded_lines": 0}, "missing_lines": [312, 313, 315, 316, 318, 320, 327, 328, 330, 331, 332, 334, 335, 337, 339, 340, 341, 342, 343, 344, 346, 348, 349, 350, 353, 354, 355], "excluded_lines": []}, "PeninCLI.cmd_query_status": {"executed_lines": [], "summary": {"covered_lines": 0, "num_statements": 71, "percent_covered": 0.0, "percent_covered_display": "0", "missing_lines": 71, "excluded_lines": 0}, "missing_lines": [360, 361, 363, 364, 366, 371, 372, 379, 382, 385, 388, 389, 390, 393, 396, 397, 400, 401, 404, 405, 406, 407, 408, 409, 410, 411, 412, 413, 414, 415, 416, 417, 418, 421, 422, 423, 424, 425, 426, 427, 428, 429, 430, 431, 432, 433, 434, 437, 438, 439, 440, 441, 442, 443, 444, 445, 446, 449, 450, 451, 452, 453, 454, 455, 456, 458, 460, 461, 462, 464, 465], "excluded_lines": []}, "create_parser": {"executed_lines": [], "summary": {"covered_lines": 0, "num_statements": 29, "percent_covered": 0.0, "percent_covered_display": "0", "missing_lines": 29, "excluded_lines": 0}, "missing_lines": [470, 485, 488, 489, 492, 493, 494, 495, 496, 497, 500, 501, 502, 503, 506, 507, 510, 511, 516, 517, 520, 521, 522, 523, 526, 527, 528, 529, 531], "excluded_lines": []}, "main": {"executed_lines": [], "summary": {"covered_lines": 0, "num_statements": 36, "percent_covered": 0.0, "percent_covered_display": "0", "missing_lines": 36, "excluded_lines": 0}, "missing_lines": [536, 537, 539, 540, 541, 544, 545, 546, 549, 550, 551, 552, 553, 556, 557, 558, 559, 560, 561, 562, 563, 564, 565, 566, 567, 568, 569, 570, 572, 573, 575, 576, 577, 578, 579, 580], "excluded_lines": []}, "": {"executed_lines": [], "summary": {"covered_lines": 0, "num_statements": 39, "percent_covered": 0.0, "percent_covered_display": "0", "missing_lines": 39, "excluded_lines": 2}, "missing_lines": [17, 18, 19, 20, 21, 25, 26, 28, 29, 31, 32, 33, 34, 36, 37, 38, 39, 40, 41, 43, 44, 45, 46, 47, 48, 49, 50, 51, 54, 57, 72, 133, 180, 216, 249, 310, 357, 468, 534], "excluded_lines": [583, 584]}}, "classes": {"PeninCLI": {"executed_lines": [], "summary": {"covered_lines": 0, "num_statements": 253, "percent_covered": 0.0, "percent_covered_display": "0", "missing_lines": 253, "excluded_lines": 0}, "missing_lines": [58, 59, 62, 63, 65, 69, 70, 74, 75, 78, 87, 88, 89, 90, 91, 92, 93, 94, 97, 98, 99, 100, 101, 103, 105, 107, 109, 110, 112, 113, 114, 115, 117, 120, 122, 123, 124, 125, 127, 129, 130, 131, 135, 136, 138, 139, 140, 143, 144, 146, 148, 150, 157, 158, 159, 160, 161, 162, 163, 164, 165, 168, 169, 170, 171, 172, 174, 176, 177, 178, 182, 183, 185, 186, 188, 190, 191, 192, 193, 196, 198, 199, 202, 203, 204, 205, 207, 209, 210, 212, 213, 214, 218, 219, 221, 222, 224, 225, 227, 228, 229, 230, 231, 233, 236, 238, 239, 240, 242, 243, 245, 246, 247, 251, 252, 254, 256, 258, 259, 260, 263, 264, 266, 267, 268, 269, 270, 271, 273, 275, 276, 279, 280, 281, 282, 283, 286, 287, 288, 289, 290, 291, 292, 293, 294, 297, 298, 299, 300, 301, 302, 304, 306, 307, 308, 312, 313, 315, 316, 318, 320, 327, 328, 330, 331, 332, 334, 335, 337, 339, 340, 341, 342, 343, 344, 346, 348, 349, 350, 353, 354, 355, 360, 361, 363, 364, 366, 371, 372, 379, 382, 385, 388, 389, 390, 393, 396, 397, 400, 401, 404, 405, 406, 407, 408, 409, 410, 411, 412, 413, 414, 415, 416, 417, 418, 421, 422, 423, 424, 425, 426, 427, 428, 429, 430, 431, 432, 433, 434, 437, 438, 439, 440, 441, 442, 443, 444, 445, 446, 449, 450, 451, 452, 453, 454, 455, 456, 458, 460, 461, 462, 464, 465], "excluded_lines": []}, "": {"executed_lines": [], "summary": {"covered_lines": 0, "num_statements": 104, "percent_covered": 0.0, "percent_covered_display": "0", "missing_lines": 104, "excluded_lines": 2}, "missing_lines": [17, 18, 19, 20, 21, 25, 26, 28, 29, 31, 32, 33, 34, 36, 37, 38, 39, 40, 41, 43, 44, 45, 46, 47, 48, 49, 50, 51, 54, 57, 72, 133, 180, 216, 249, 310, 357, 468, 470, 485, 488, 489, 492, 493, 494, 495, 496, 497, 500, 501, 502, 503, 506, 507, 510, 511, 516, 517, 520, 521, 522, 523, 526, 527, 528, 529, 531, 534, 536, 537, 539, 540, 541, 544, 545, 546, 549, 550, 551, 552, 553, 556, 557, 558, 559, 560, 561, 562, 563, 564, 565, 566, 567, 568, 569, 570, 572, 573, 575, 576, 577, 578, 579, 580], "excluded_lines": [583, 584]}}}, "penin/cli/__init__.py": {"executed_lines": [], "summary": {"covered_lines": 0, "num_statements": 2, "percent_covered": 0.0, "percent_covered_display": "0", "missing_lines": 2, "excluded_lines": 0}, "missing_lines": [8, 10], "excluded_lines": [], "functions": {"": {"executed_lines": [], "summary": {"covered_lines": 0, "num_statements": 2, "percent_covered": 0.0, "percent_covered_display": "0", "missing_lines": 2, "excluded_lines": 0}, "missing_lines": [8, 10], "excluded_lines": []}}, "classes": {"": {"executed_lines": [], "summary": {"covered_lines": 0, "num_statements": 2, "percent_covered": 0.0, "percent_covered_display": "0", "missing_lines": 2, "excluded_lines": 0}, "missing_lines": [8, 10], "excluded_lines": []}}}, "penin/config.py": {"executed_lines": [1, 4, 5, 6, 7, 8, 9, 10, 11, 12, 13, 14, 16, 17, 18, 19, 20, 21, 22, 23, 24, 26, 27, 28, 31], "summary": {"covered_lines": 25, "num_statements": 25, "percent_covered": 100.0, "percent_covered_display": "100", "missing_lines": 0, "excluded_lines": 0}, "missing_lines": [], "excluded_lines": [], "functions": {"": {"executed_lines": [1, 4, 5, 6, 7, 8, 9, 10, 11, 12, 13, 14, 16, 17, 18, 19, 20, 21, 22, 23, 24, 26, 27, 28, 31], "summary": {"covered_lines": 25, "num_statements": 25, "percent_covered": 100.0, "percent_covered_display": "100", "missing_lines": 0, "excluded_lines": 0}, "missing_lines": [], "excluded_lines": []}}, "classes": {"Settings": {"executed_lines": [], "summary": {"covered_lines": 0, "num_statements": 0, "percent_covered": 100.0, "percent_covered_display": "100", "missing_lines": 0, "excluded_lines": 0}, "missing_lines": [], "excluded_lines": []}, "Settings.Config": {"executed_lines": [], "summary": {"covered_lines": 0, "num_statements": 0, "percent_covered": 100.0, "percent_covered_display": "100", "missing_lines": 0, "excluded_lines": 0}, "missing_lines": [], "excluded_lines": []}, "": {"executed_lines": [1, 4, 5, 6, 7, 8, 9, 10, 11, 12, 13, 14, 16, 17, 18, 19, 20, 21, 22, 23, 24, 26, 27, 28, 31], "summary": {"covered_lines": 25, "num_statements": 25, "percent_covered": 100.0, "percent_covered_display": "100", "missing_lines": 0, "excluded_lines": 0}, "missing_lines": [], "excluded_lines": []}}}, "penin/core/__init__.py": {"executed_lines": [1, 28, 31, 35, 36, 72, 73, 76], "summary": {"covered_lines": 7, "num_statements": 7, "percent_covered": 100.0, "percent_covered_display": "100", "missing_lines": 0, "excluded_lines": 0}, "missing_lines": [], "excluded_lines": [], "functions": {"": {"executed_lines": [1, 28, 31, 35, 36, 72, 73, 76], "summary": {"covered_lines": 7, "num_statements": 7, "percent_covered": 100.0, "percent_covered_display": "100", "missing_lines": 0, "excluded_lines": 0}, "missing_lines": [], "excluded_lines": []}}, "classes": {"": {"executed_lines": [1, 28, 31, 35, 36, 72, 73, 76], "summary": {"covered_lines": 7, "num_statements": 7, "percent_covered": 100.0, "percent_covered_display": "100", "missing_lines": 0, "excluded_lines": 0}, "missing_lines": [], "excluded_lines": []}}}, "penin/core/artifacts.py": {"executed_lines": [1, 8, 10, 13, 14, 15, 23, 24, 26, 34, 35], "summary": {"covered_lines": 9, "num_statements": 11, "percent_covered": 81.81818181818181, "percent_covered_display": "82", "missing_lines": 2, "excluded_lines": 0}, "missing_lines": [28, 37], "excluded_lines": [], "functions": {"NumericVectorArtifact.to_dict": {"executed_lines": [], "summary": {"covered_lines": 0, "num_statements": 1, "percent_covered": 0.0, "percent_covered_display": "0", "missing_lines": 1, "excluded_lines": 0}, "missing_lines": [28], "excluded_lines": []}, "NumericVectorArtifact.from_dict": {"executed_lines": [], "summary": {"covered_lines": 0, "num_statements": 1, "percent_covered": 0.0, "percent_covered_display": "0", "missing_lines": 1, "excluded_lines": 0}, "missing_lines": [37], "excluded_lines": []}, "": {"executed_lines": [1, 8, 10, 13, 14, 15, 23, 24, 26, 34, 35], "summary": {"covered_lines": 9, "num_statements": 9, "percent_covered": 100.0, "percent_covered_display": "100", "missing_lines": 0, "excluded_lines": 0}, "missing_lines": [], "excluded_lines": []}}, "classes": {"NumericVectorArtifact": {"executed_lines": [], "summary": {"covered_lines": 0, "num_statements": 2, "percent_covered": 0.0, "percent_covered_display": "0", "missing_lines": 2, "excluded_lines": 0}, "missing_lines": [28, 37], "excluded_lines": []}, "": {"executed_lines": [1, 8, 10, 13, 14, 15, 23, 24, 26, 34, 35], "summary": {"covered_lines": 9, "num_statements": 9, "percent_covered": 100.0, "percent_covered_display": "100", "missing_lines": 0, "excluded_lines": 0}, "missing_lines": [], "excluded_lines": []}}}, "penin/core/caos.py": {"executed_lines": [1, 82, 84, 85, 86, 87, 90, 91, 92, 95, 96, 98, 99, 100, 101, 104, 105, 106, 107, 108, 109, 110, 112, 114, 117, 118, 120, 121, 122, 130, 132, 135, 137, 140, 163, 164, 165, 176, 177, 178, 179, 182, 183, 184, 186, 197, 198, 199, 208, 209, 210, 211, 213, 226, 227, 228, 236, 237, 238, 241, 242, 243, 245, 256, 257, 258, 267, 268, 269, 272, 273, 274, 276, 296, 297, 298, 301, 304, 305, 306, 309, 310, 311, 314, 317, 318, 321, 322, 323, 326, 329, 330, 332, 333, 335, 337, 339, 341, 343, 351, 359, 360, 361, 368, 369, 370, 371, 374, 375, 376, 377, 380, 383, 384, 387, 389, 399, 405, 429, 450, 451, 452, 453, 454, 457, 460, 463, 465, 468, 496, 497, 498, 499, 500, 501, 504, 507, 510, 513, 515, 518, 646, 778, 810, 859, 868, 876, 895, 896, 906, 912, 913, 914, 915, 916, 918, 920, 923, 924, 926, 929, 930, 933, 935, 937, 940, 941, 944, 945, 947, 949, 977, 979, 1022, 1056, 1120, 1178, 1251, 1278, 1323, 1357], "summary": {"covered_lines": 168, "num_statements": 499, "percent_covered": 33.66733466933868, "percent_covered_display": "34", "missing_lines": 331, "excluded_lines": 2}, "missing_lines": [153, 154, 155, 188, 189, 190, 192, 194, 215, 216, 217, 220, 221, 223, 247, 248, 249, 251, 253, 278, 279, 280, 282, 288, 395, 396, 397, 401, 402, 403, 411, 412, 414, 415, 416, 418, 419, 421, 616, 617, 620, 621, 622, 623, 626, 627, 628, 629, 632, 635, 638, 639, 641, 643, 657, 658, 660, 661, 663, 666, 667, 668, 669, 671, 672, 695, 696, 697, 698, 701, 703, 704, 705, 706, 708, 714, 715, 718, 719, 720, 723, 724, 727, 728, 738, 742, 745, 746, 749, 750, 751, 754, 755, 756, 757, 759, 762, 763, 764, 766, 767, 768, 770, 791, 792, 795, 797, 807, 826, 827, 828, 829, 830, 831, 832, 833, 836, 837, 838, 839, 841, 843, 861, 862, 863, 864, 865, 870, 871, 872, 873, 878, 880, 882, 883, 884, 885, 887, 931, 938, 942, 951, 952, 954, 955, 956, 959, 960, 962, 963, 965, 966, 968, 969, 1029, 1030, 1031, 1035, 1036, 1037, 1038, 1039, 1041, 1043, 1044, 1045, 1046, 1047, 1048, 1049, 1050, 1051, 1052, 1053, 1063, 1064, 1065, 1068, 1074, 1079, 1085, 1092, 1096, 1097, 1098, 1099, 1100, 1101, 1102, 1103, 1104, 1105, 1106, 1107, 1108, 1109, 1110, 1111, 1113, 1114, 1115, 1117, 1127, 1128, 1129, 1132, 1136, 1139, 1140, 1141, 1143, 1145, 1146, 1148, 1152, 1156, 1159, 1163, 1168, 1169, 1170, 1172, 1174, 1175, 1185, 1186, 1187, 1189, 1192, 1193, 1194, 1195, 1196, 1197, 1199, 1203, 1204, 1205, 1206, 1207, 1210, 1211, 1212, 1213, 1214, 1215, 1217, 1221, 1222, 1223, 1224, 1225, 1228, 1229, 1230, 1231, 1232, 1233, 1235, 1239, 1240, 1241, 1242, 1243, 1245, 1246, 1247, 1248, 1257, 1258, 1259, 1262, 1264, 1265, 1266, 1268, 1269, 1270, 1271, 1273, 1274, 1275, 1284, 1285, 1286, 1288, 1291, 1292, 1293, 1294, 1297, 1298, 1299, 1300, 1303, 1304, 1305, 1306, 1309, 1310, 1311, 1312, 1315, 1316, 1317, 1318, 1319, 1320, 1330, 1331, 1332, 1333, 1334, 1335, 1336, 1337, 1338, 1340, 1341, 1342, 1343, 1344, 1345, 1347, 1348, 1349, 1350, 1351, 1352, 1353, 1354], "excluded_lines": [1357, 1359], "functions": {"CAOSComponents.to_dict": {"executed_lines": [114], "summary": {"covered_lines": 1, "num_statements": 1, "percent_covered": 100.0, "percent_covered_display": "100", "missing_lines": 0, "excluded_lines": 0}, "missing_lines": [], "excluded_lines": []}, "clamp01": {"executed_lines": [132], "summary": {"covered_lines": 1, "num_statements": 1, "percent_covered": 100.0, "percent_covered_display": "100", "missing_lines": 0, "excluded_lines": 0}, "missing_lines": [], "excluded_lines": []}, "clamp": {"executed_lines": [137], "summary": {"covered_lines": 1, "num_statements": 1, "percent_covered": 100.0, "percent_covered_display": "100", "missing_lines": 0, "excluded_lines": 0}, "missing_lines": [], "excluded_lines": []}, "compute_ema_alpha": {"executed_lines": [], "summary": {"covered_lines": 0, "num_statements": 3, "percent_covered": 0.0, "percent_covered_display": "0", "missing_lines": 3, "excluded_lines": 0}, "missing_lines": [153, 154, 155], "excluded_lines": []}, "ConsistencyMetrics.compute_c": {"executed_lines": [], "summary": {"covered_lines": 0, "num_statements": 5, "percent_covered": 0.0, "percent_covered_display": "0", "missing_lines": 5, "excluded_lines": 0}, "missing_lines": [188, 189, 190, 192, 194], "excluded_lines": []}, "AutoevolutionMetrics.compute_a": {"executed_lines": [], "summary": {"covered_lines": 0, "num_statements": 6, "percent_covered": 0.0, "percent_covered_display": "0", "missing_lines": 6, "excluded_lines": 0}, "missing_lines": [215, 216, 217, 220, 221, 223], "excluded_lines": []}, "IncognoscibleMetrics.compute_o": {"executed_lines": [], "summary": {"covered_lines": 0, "num_statements": 5, "percent_covered": 0.0, "percent_covered_display": "0", "missing_lines": 5, "excluded_lines": 0}, "missing_lines": [247, 248, 249, 251, 253], "excluded_lines": []}, "SilenceMetrics.compute_s": {"executed_lines": [], "summary": {"covered_lines": 0, "num_statements": 5, "percent_covered": 0.0, "percent_covered_display": "0", "missing_lines": 5, "excluded_lines": 0}, "missing_lines": [278, 279, 280, 282, 288], "excluded_lines": []}, "CAOSPlusEngine.__init__": {"executed_lines": [333], "summary": {"covered_lines": 1, "num_statements": 1, "percent_covered": 100.0, "percent_covered_display": "100", "missing_lines": 0, "excluded_lines": 0}, "missing_lines": [], "excluded_lines": []}, "CAOSPlusEngine.compute": {"executed_lines": [337], "summary": {"covered_lines": 1, "num_statements": 1, "percent_covered": 100.0, "percent_covered_display": "100", "missing_lines": 0, "excluded_lines": 0}, "missing_lines": [], "excluded_lines": []}, "CAOSPlusEngine.compute_phi": {"executed_lines": [341, 343, 351], "summary": {"covered_lines": 3, "num_statements": 3, "percent_covered": 100.0, "percent_covered_display": "100", "missing_lines": 0, "excluded_lines": 0}, "missing_lines": [], "excluded_lines": []}, "CAOSState.update_ema": {"executed_lines": [], "summary": {"covered_lines": 0, "num_statements": 3, "percent_covered": 0.0, "percent_covered_display": "0", "missing_lines": 3, "excluded_lines": 0}, "missing_lines": [395, 396, 397], "excluded_lines": []}, "CAOSState.add_to_history": {"executed_lines": [], "summary": {"covered_lines": 0, "num_statements": 3, "percent_covered": 0.0, "percent_covered_display": "0", "missing_lines": 3, "excluded_lines": 0}, "missing_lines": [401, 402, 403], "excluded_lines": []}, "CAOSState.get_stability": {"executed_lines": [], "summary": {"covered_lines": 0, "num_statements": 8, "percent_covered": 0.0, "percent_covered_display": "0", "missing_lines": 8, "excluded_lines": 0}, "missing_lines": [411, 412, 414, 415, 416, 418, 419, 421], "excluded_lines": []}, "compute_caos_plus_exponential": {"executed_lines": [450, 451, 452, 453, 454, 457, 460, 463, 465], "summary": {"covered_lines": 9, "num_statements": 9, "percent_covered": 100.0, "percent_covered_display": "100", "missing_lines": 0, "excluded_lines": 0}, "missing_lines": [], "excluded_lines": []}, "phi_caos": {"executed_lines": [496, 497, 498, 499, 500, 501, 504, 507, 510, 513, 515], "summary": {"covered_lines": 11, "num_statements": 11, "percent_covered": 100.0, "percent_covered_display": "100", "missing_lines": 0, "excluded_lines": 0}, "missing_lines": [], "excluded_lines": []}, "compute_caos_plus_simple": {"executed_lines": [], "summary": {"covered_lines": 0, "num_statements": 16, "percent_covered": 0.0, "percent_covered_display": "0", "missing_lines": 16, "excluded_lines": 0}, "missing_lines": [616, 617, 620, 621, 622, 623, 626, 627, 628, 629, 632, 635, 638, 639, 641, 643], "excluded_lines": []}, "compute_caos_plus_complete": {"executed_lines": [], "summary": {"covered_lines": 0, "num_statements": 49, "percent_covered": 0.0, "percent_covered_display": "0", "missing_lines": 49, "excluded_lines": 0}, "missing_lines": [657, 658, 660, 661, 663, 666, 667, 668, 669, 671, 672, 695, 696, 697, 698, 701, 703, 704, 705, 706, 708, 714, 715, 718, 719, 720, 723, 724, 727, 728, 738, 742, 745, 746, 749, 750, 751, 754, 755, 756, 757, 759, 762, 763, 764, 766, 767, 768, 770], "excluded_lines": []}, "compute_caos_plus": {"executed_lines": [], "summary": {"covered_lines": 0, "num_statements": 5, "percent_covered": 0.0, "percent_covered_display": "0", "missing_lines": 5, "excluded_lines": 0}, "missing_lines": [791, 792, 795, 797, 807], "excluded_lines": []}, "caos_plus": {"executed_lines": [], "summary": {"covered_lines": 0, "num_statements": 14, "percent_covered": 0.0, "percent_covered_display": "0", "missing_lines": 14, "excluded_lines": 0}, "missing_lines": [826, 827, 828, 829, 830, 831, 832, 833, 836, 837, 838, 839, 841, 843], "excluded_lines": []}, "harmonic_mean": {"executed_lines": [], "summary": {"covered_lines": 0, "num_statements": 5, "percent_covered": 0.0, "percent_covered_display": "0", "missing_lines": 5, "excluded_lines": 0}, "missing_lines": [861, 862, 863, 864, 865], "excluded_lines": []}, "geometric_mean": {"executed_lines": [], "summary": {"covered_lines": 0, "num_statements": 4, "percent_covered": 0.0, "percent_covered_display": "0", "missing_lines": 4, "excluded_lines": 0}, "missing_lines": [870, 871, 872, 873], "excluded_lines": []}, "caos_gradient": {"executed_lines": [], "summary": {"covered_lines": 0, "num_statements": 7, "percent_covered": 0.0, "percent_covered_display": "0", "missing_lines": 7, "excluded_lines": 0}, "missing_lines": [878, 880, 882, 883, 884, 885, 887], "excluded_lines": []}, "CAOSTracker.__init__": {"executed_lines": [912, 913, 914, 915, 916], "summary": {"covered_lines": 5, "num_statements": 5, "percent_covered": 100.0, "percent_covered_display": "100", "missing_lines": 0, "excluded_lines": 0}, "missing_lines": [], "excluded_lines": []}, "CAOSTracker.update": {"executed_lines": [920, 923, 924, 926, 929, 930, 933], "summary": {"covered_lines": 7, "num_statements": 8, "percent_covered": 87.5, "percent_covered_display": "88", "missing_lines": 1, "excluded_lines": 0}, "missing_lines": [931], "excluded_lines": []}, "CAOSTracker.get_stability": {"executed_lines": [937, 940, 941, 944, 945, 947], "summary": {"covered_lines": 6, "num_statements": 8, "percent_covered": 75.0, "percent_covered_display": "75", "missing_lines": 2, "excluded_lines": 0}, "missing_lines": [938, 942], "excluded_lines": []}, "CAOSTracker.get_trend": {"executed_lines": [], "summary": {"covered_lines": 0, "num_statements": 13, "percent_covered": 0.0, "percent_covered_display": "0", "missing_lines": 13, "excluded_lines": 0}, "missing_lines": [951, 952, 954, 955, 956, 959, 960, 962, 963, 965, 966, 968, 969], "excluded_lines": []}, "example_basic_usage": {"executed_lines": [], "summary": {"covered_lines": 0, "num_statements": 20, "percent_covered": 0.0, "percent_covered_display": "0", "missing_lines": 20, "excluded_lines": 0}, "missing_lines": [1029, 1030, 1031, 1035, 1036, 1037, 1038, 1039, 1041, 1043, 1044, 1045, 1046, 1047, 1048, 1049, 1050, 1051, 1052, 1053], "excluded_lines": []}, "example_structured_metrics": {"executed_lines": [], "summary": {"covered_lines": 0, "num_statements": 28, "percent_covered": 0.0, "percent_covered_display": "0", "missing_lines": 28, "excluded_lines": 0}, "missing_lines": [1063, 1064, 1065, 1068, 1074, 1079, 1085, 1092, 1096, 1097, 1098, 1099, 1100, 1101, 1102, 1103, 1104, 1105, 1106, 1107, 1108, 1109, 1110, 1111, 1113, 1114, 1115, 1117], "excluded_lines": []}, "example_temporal_tracking": {"executed_lines": [], "summary": {"covered_lines": 0, "num_statements": 22, "percent_covered": 0.0, "percent_covered_display": "0", "missing_lines": 22, "excluded_lines": 0}, "missing_lines": [1127, 1128, 1129, 1132, 1136, 1139, 1140, 1141, 1143, 1145, 1146, 1148, 1152, 1156, 1159, 1163, 1168, 1169, 1170, 1172, 1174, 1175], "excluded_lines": []}, "example_exploration_vs_exploitation": {"executed_lines": [], "summary": {"covered_lines": 0, "num_statements": 44, "percent_covered": 0.0, "percent_covered_display": "0", "missing_lines": 44, "excluded_lines": 0}, "missing_lines": [1185, 1186, 1187, 1189, 1192, 1193, 1194, 1195, 1196, 1197, 1199, 1203, 1204, 1205, 1206, 1207, 1210, 1211, 1212, 1213, 1214, 1215, 1217, 1221, 1222, 1223, 1224, 1225, 1228, 1229, 1230, 1231, 1232, 1233, 1235, 1239, 1240, 1241, 1242, 1243, 1245, 1246, 1247, 1248], "excluded_lines": []}, "example_kappa_tuning": {"executed_lines": [], "summary": {"covered_lines": 0, "num_statements": 14, "percent_covered": 0.0, "percent_covered_display": "0", "missing_lines": 14, "excluded_lines": 0}, "missing_lines": [1257, 1258, 1259, 1262, 1264, 1265, 1266, 1268, 1269, 1270, 1271, 1273, 1274, 1275], "excluded_lines": []}, "example_edge_cases": {"executed_lines": [], "summary": {"covered_lines": 0, "num_statements": 26, "percent_covered": 0.0, "percent_covered_display": "0", "missing_lines": 26, "excluded_lines": 0}, "missing_lines": [1284, 1285, 1286, 1288, 1291, 1292, 1293, 1294, 1297, 1298, 1299, 1300, 1303, 1304, 1305, 1306, 1309, 1310, 1311, 1312, 1315, 1316, 1317, 1318, 1319, 1320], "excluded_lines": []}, "run_all_examples": {"executed_lines": [], "summary": {"covered_lines": 0, "num_statements": 23, "percent_covered": 0.0, "percent_covered_display": "0", "missing_lines": 23, "excluded_lines": 0}, "missing_lines": [1330, 1331, 1332, 1333, 1334, 1335, 1336, 1337, 1338, 1340, 1341, 1342, 1343, 1344, 1345, 1347, 1348, 1349, 1350, 1351, 1352, 1353, 1354], "excluded_lines": []}, "": {"executed_lines": [1, 82, 84, 85, 86, 87, 90, 91, 92, 95, 96, 98, 99, 100, 101, 104, 105, 106, 107, 108, 109, 110, 112, 117, 118, 120, 121, 122, 130, 135, 140, 163, 164, 165, 176, 177, 178, 179, 182, 183, 184, 186, 197, 198, 199, 208, 209, 210, 211, 213, 226, 227, 228, 236, 237, 238, 241, 242, 243, 245, 256, 257, 258, 267, 268, 269, 272, 273, 274, 276, 296, 297, 298, 301, 304, 305, 306, 309, 310, 311, 314, 317, 318, 321, 322, 323, 326, 329, 330, 332, 335, 339, 359, 360, 361, 368, 369, 370, 371, 374, 375, 376, 377, 380, 383, 384, 387, 389, 399, 405, 429, 468, 518, 646, 778, 810, 859, 868, 876, 895, 896, 906, 918, 935, 949, 977, 979, 1022, 1056, 1120, 1178, 1251, 1278, 1323, 1357], "summary": {"covered_lines": 122, "num_statements": 122, "percent_covered": 100.0, "percent_covered_display": "100", "missing_lines": 0, "excluded_lines": 2}, "missing_lines": [], "excluded_lines": [1357, 1359]}}, "classes": {"CAOSComponent": {"executed_lines": [], "summary": {"covered_lines": 0, "num_statements": 0, "percent_covered": 100.0, "percent_covered_display": "100", "missing_lines": 0, "excluded_lines": 0}, "missing_lines": [], "excluded_lines": []}, "CAOSComponents": {"executed_lines": [114], "summary": {"covered_lines": 1, "num_statements": 1, "percent_covered": 100.0, "percent_covered_display": "100", "missing_lines": 0, "excluded_lines": 0}, "missing_lines": [], "excluded_lines": []}, "CAOSFormula": {"executed_lines": [], "summary": {"covered_lines": 0, "num_statements": 0, "percent_covered": 100.0, "percent_covered_display": "100", "missing_lines": 0, "excluded_lines": 0}, "missing_lines": [], "excluded_lines": []}, "ConsistencyMetrics": {"executed_lines": [], "summary": {"covered_lines": 0, "num_statements": 5, "percent_covered": 0.0, "percent_covered_display": "0", "missing_lines": 5, "excluded_lines": 0}, "missing_lines": [188, 189, 190, 192, 194], "excluded_lines": []}, "AutoevolutionMetrics": {"executed_lines": [], "summary": {"covered_lines": 0, "num_statements": 6, "percent_covered": 0.0, "percent_covered_display": "0", "missing_lines": 6, "excluded_lines": 0}, "missing_lines": [215, 216, 217, 220, 221, 223], "excluded_lines": []}, "IncognoscibleMetrics": {"executed_lines": [], "summary": {"covered_lines": 0, "num_statements": 5, "percent_covered": 0.0, "percent_covered_display": "0", "missing_lines": 5, "excluded_lines": 0}, "missing_lines": [247, 248, 249, 251, 253], "excluded_lines": []}, "SilenceMetrics": {"executed_lines": [], "summary": {"covered_lines": 0, "num_statements": 5, "percent_covered": 0.0, "percent_covered_display": "0", "missing_lines": 5, "excluded_lines": 0}, "missing_lines": [278, 279, 280, 282, 288], "excluded_lines": []}, "CAOSConfig": {"executed_lines": [], "summary": {"covered_lines": 0, "num_statements": 0, "percent_covered": 100.0, "percent_covered_display": "100", "missing_lines": 0, "excluded_lines": 0}, "missing_lines": [], "excluded_lines": []}, "CAOSPlusEngine": {"executed_lines": [333, 337, 341, 343, 351], "summary": {"covered_lines": 5, "num_statements": 5, "percent_covered": 100.0, "percent_covered_display": "100", "missing_lines": 0, "excluded_lines": 0}, "missing_lines": [], "excluded_lines": []}, "CAOSState": {"executed_lines": [], "summary": {"covered_lines": 0, "num_statements": 14, "percent_covered": 0.0, "percent_covered_display": "0", "missing_lines": 14, "excluded_lines": 0}, "missing_lines": [395, 396, 397, 401, 402, 403, 411, 412, 414, 415, 416, 418, 419, 421], "excluded_lines": []}, "CAOSTracker": {"executed_lines": [912, 913, 914, 915, 916, 920, 923, 924, 926, 929, 930, 933, 937, 940, 941, 944, 945, 947], "summary": {"covered_lines": 18, "num_statements": 34, "percent_covered": 52.94117647058823, "percent_covered_display": "53", "missing_lines": 16, "excluded_lines": 0}, "missing_lines": [931, 938, 942, 951, 952, 954, 955, 956, 959, 960, 962, 963, 965, 966, 968, 969], "excluded_lines": []}, "": {"executed_lines": [1, 82, 84, 85, 86, 87, 90, 91, 92, 95, 96, 98, 99, 100, 101, 104, 105, 106, 107, 108, 109, 110, 112, 117, 118, 120, 121, 122, 130, 132, 135, 137, 140, 163, 164, 165, 176, 177, 178, 179, 182, 183, 184, 186, 197, 198, 199, 208, 209, 210, 211, 213, 226, 227, 228, 236, 237, 238, 241, 242, 243, 245, 256, 257, 258, 267, 268, 269, 272, 273, 274, 276, 296, 297, 298, 301, 304, 305, 306, 309, 310, 311, 314, 317, 318, 321, 322, 323, 326, 329, 330, 332, 335, 339, 359, 360, 361, 368, 369, 370, 371, 374, 375, 376, 377, 380, 383, 384, 387, 389, 399, 405, 429, 450, 451, 452, 453, 454, 457, 460, 463, 465, 468, 496, 497, 498, 499, 500, 501, 504, 507, 510, 513, 515, 518, 646, 778, 810, 859, 868, 876, 895, 896, 906, 918, 935, 949, 977, 979, 1022, 1056, 1120, 1178, 1251, 1278, 1323, 1357], "summary": {"covered_lines": 144, "num_statements": 424, "percent_covered": 33.9622641509434, "percent_covered_display": "34", "missing_lines": 280, "excluded_lines": 2}, "missing_lines": [153, 154, 155, 616, 617, 620, 621, 622, 623, 626, 627, 628, 629, 632, 635, 638, 639, 641, 643, 657, 658, 660, 661, 663, 666, 667, 668, 669, 671, 672, 695, 696, 697, 698, 701, 703, 704, 705, 706, 708, 714, 715, 718, 719, 720, 723, 724, 727, 728, 738, 742, 745, 746, 749, 750, 751, 754, 755, 756, 757, 759, 762, 763, 764, 766, 767, 768, 770, 791, 792, 795, 797, 807, 826, 827, 828, 829, 830, 831, 832, 833, 836, 837, 838, 839, 841, 843, 861, 862, 863, 864, 865, 870, 871, 872, 873, 878, 880, 882, 883, 884, 885, 887, 1029, 1030, 1031, 1035, 1036, 1037, 1038, 1039, 1041, 1043, 1044, 1045, 1046, 1047, 1048, 1049, 1050, 1051, 1052, 1053, 1063, 1064, 1065, 1068, 1074, 1079, 1085, 1092, 1096, 1097, 1098, 1099, 1100, 1101, 1102, 1103, 1104, 1105, 1106, 1107, 1108, 1109, 1110, 1111, 1113, 1114, 1115, 1117, 1127, 1128, 1129, 1132, 1136, 1139, 1140, 1141, 1143, 1145, 1146, 1148, 1152, 1156, 1159, 1163, 1168, 1169, 1170, 1172, 1174, 1175, 1185, 1186, 1187, 1189, 1192, 1193, 1194, 1195, 1196, 1197, 1199, 1203, 1204, 1205, 1206, 1207, 1210, 1211, 1212, 1213, 1214, 1215, 1217, 1221, 1222, 1223, 1224, 1225, 1228, 1229, 1230, 1231, 1232, 1233, 1235, 1239, 1240, 1241, 1242, 1243, 1245, 1246, 1247, 1248, 1257, 1258, 1259, 1262, 1264, 1265, 1266, 1268, 1269, 1270, 1271, 1273, 1274, 1275, 1284, 1285, 1286, 1288, 1291, 1292, 1293, 1294, 1297, 1298, 1299, 1300, 1303, 1304, 1305, 1306, 1309, 1310, 1311, 1312, 1315, 1316, 1317, 1318, 1319, 1320, 1330, 1331, 1332, 1333, 1334, 1335, 1336, 1337, 1338, 1340, 1341, 1342, 1343, 1344, 1345, 1347, 1348, 1349, 1350, 1351, 1352, 1353, 1354], "excluded_lines": [1357, 1359]}}}, "penin/core/equations/__init__.py": {"executed_lines": [], "summary": {"covered_lines": 0, "num_statements": 0, "percent_covered": 100.0, "percent_covered_display": "100", "missing_lines": 0, "excluded_lines": 0}, "missing_lines": [], "excluded_lines": [], "functions": {"": {"executed_lines": [], "summary": {"covered_lines": 0, "num_statements": 0, "percent_covered": 100.0, "percent_covered_display": "100", "missing_lines": 0, "excluded_lines": 0}, "missing_lines": [], "excluded_lines": []}}, "classes": {"": {"executed_lines": [], "summary": {"covered_lines": 0, "num_statements": 0, "percent_covered": 100.0, "percent_covered_display": "100", "missing_lines": 0, "excluded_lines": 0}, "missing_lines": [], "excluded_lines": []}}}, "penin/core/orchestrator.py": {"executed_lines": [1, 9, 11, 12, 13, 14, 16, 17, 20, 21, 36, 50, 60, 69, 78, 100, 128], "summary": {"covered_lines": 15, "num_statements": 36, "percent_covered": 41.666666666666664, "percent_covered_display": "42", "missing_lines": 21, "excluded_lines": 0}, "missing_lines": [46, 47, 48, 58, 67, 76, 88, 94, 95, 97, 98, 114, 116, 117, 119, 120, 122, 123, 124, 126, 135], "excluded_lines": [], "functions": {"OmegaMetaOrchestrator.__init__": {"executed_lines": [], "summary": {"covered_lines": 0, "num_statements": 3, "percent_covered": 0.0, "percent_covered_display": "0", "missing_lines": 3, "excluded_lines": 0}, "missing_lines": [46, 47, 48], "excluded_lines": []}, "OmegaMetaOrchestrator.add_knowledge": {"executed_lines": [], "summary": {"covered_lines": 0, "num_statements": 1, "percent_covered": 0.0, "percent_covered_display": "0", "missing_lines": 1, "excluded_lines": 0}, "missing_lines": [58], "excluded_lines": []}, "OmegaMetaOrchestrator.add_task": {"executed_lines": [], "summary": {"covered_lines": 0, "num_statements": 1, "percent_covered": 0.0, "percent_covered_display": "0", "missing_lines": 1, "excluded_lines": 0}, "missing_lines": [67], "excluded_lines": []}, "OmegaMetaOrchestrator.add_score": {"executed_lines": [], "summary": {"covered_lines": 0, "num_statements": 1, "percent_covered": 0.0, "percent_covered_display": "0", "missing_lines": 1, "excluded_lines": 0}, "missing_lines": [76], "excluded_lines": []}, "OmegaMetaOrchestrator.save_state": {"executed_lines": [], "summary": {"covered_lines": 0, "num_statements": 5, "percent_covered": 0.0, "percent_covered_display": "0", "missing_lines": 5, "excluded_lines": 0}, "missing_lines": [88, 94, 95, 97, 98], "excluded_lines": []}, "OmegaMetaOrchestrator.load_state": {"executed_lines": [], "summary": {"covered_lines": 0, "num_statements": 9, "percent_covered": 0.0, "percent_covered_display": "0", "missing_lines": 9, "excluded_lines": 0}, "missing_lines": [114, 116, 117, 119, 120, 122, 123, 124, 126], "excluded_lines": []}, "OmegaMetaOrchestrator.get_statistics": {"executed_lines": [], "summary": {"covered_lines": 0, "num_statements": 1, "percent_covered": 0.0, "percent_covered_display": "0", "missing_lines": 1, "excluded_lines": 0}, "missing_lines": [135], "excluded_lines": []}, "": {"executed_lines": [1, 9, 11, 12, 13, 14, 16, 17, 20, 21, 36, 50, 60, 69, 78, 100, 128], "summary": {"covered_lines": 15, "num_statements": 15, "percent_covered": 100.0, "percent_covered_display": "100", "missing_lines": 0, "excluded_lines": 0}, "missing_lines": [], "excluded_lines": []}}, "classes": {"OmegaMetaOrchestrator": {"executed_lines": [], "summary": {"covered_lines": 0, "num_statements": 21, "percent_covered": 0.0, "percent_covered_display": "0", "missing_lines": 21, "excluded_lines": 0}, "missing_lines": [46, 47, 48, 58, 67, 76, 88, 94, 95, 97, 98, 114, 116, 117, 119, 120, 122, 123, 124, 126, 135], "excluded_lines": []}, "": {"executed_lines": [1, 9, 11, 12, 13, 14, 16, 17, 20, 21, 36, 50, 60, 69, 78, 100, 128], "summary": {"covered_lines": 15, "num_statements": 15, "percent_covered": 100.0, "percent_covered_display": "100", "missing_lines": 0, "excluded_lines": 0}, "missing_lines": [], "excluded_lines": []}}}, "penin/core/serialization.py": {"executed_lines": [1, 8, 10, 11, 12, 14, 17, 18, 26, 41], "summary": {"covered_lines": 8, "num_statements": 23, "percent_covered": 34.78260869565217, "percent_covered_display": "35", "missing_lines": 15, "excluded_lines": 0}, "missing_lines": [28, 29, 31, 32, 38, 51, 52, 54, 56, 57, 59, 60, 61, 62, 64], "excluded_lines": [], "functions": {"StateEncoder.default": {"executed_lines": [], "summary": {"covered_lines": 0, "num_statements": 5, "percent_covered": 0.0, "percent_covered_display": "0", "missing_lines": 5, "excluded_lines": 0}, "missing_lines": [28, 29, 31, 32, 38], "excluded_lines": []}, "state_decoder": {"executed_lines": [], "summary": {"covered_lines": 0, "num_statements": 10, "percent_covered": 0.0, "percent_covered_display": "0", "missing_lines": 10, "excluded_lines": 0}, "missing_lines": [51, 52, 54, 56, 57, 59, 60, 61, 62, 64], "excluded_lines": []}, "": {"executed_lines": [1, 8, 10, 11, 12, 14, 17, 18, 26, 41], "summary": {"covered_lines": 8, "num_statements": 8, "percent_covered": 100.0, "percent_covered_display": "100", "missing_lines": 0, "excluded_lines": 0}, "missing_lines": [], "excluded_lines": []}}, "classes": {"StateEncoder": {"executed_lines": [], "summary": {"covered_lines": 0, "num_statements": 5, "percent_covered": 0.0, "percent_covered_display": "0", "missing_lines": 5, "excluded_lines": 0}, "missing_lines": [28, 29, 31, 32, 38], "excluded_lines": []}, "": {"executed_lines": [1, 8, 10, 11, 12, 14, 17, 18, 26, 41], "summary": {"covered_lines": 8, "num_statements": 18, "percent_covered": 44.44444444444444, "percent_covered_display": "44", "missing_lines": 10, "excluded_lines": 0}, "missing_lines": [51, 52, 54, 56, 57, 59, 60, 61, 62, 64], "excluded_lines": []}}}, "penin/engine/__init__.py": {"executed_lines": [], "summary": {"covered_lines": 0, "num_statements": 3, "percent_covered": 0.0, "percent_covered_display": "0", "missing_lines": 3, "excluded_lines": 0}, "missing_lines": [8, 10, 12], "excluded_lines": [], "functions": {"": {"executed_lines": [], "summary": {"covered_lines": 0, "num_statements": 3, "percent_covered": 0.0, "percent_covered_display": "0", "missing_lines": 3, "excluded_lines": 0}, "missing_lines": [8, 10, 12], "excluded_lines": []}}, "classes": {"": {"executed_lines": [], "summary": {"covered_lines": 0, "num_statements": 3, "percent_covered": 0.0, "percent_covered_display": "0", "missing_lines": 3, "excluded_lines": 0}, "missing_lines": [8, 10, 12], "excluded_lines": []}}}, "penin/engine/auto_tuning.py": {"executed_lines": [], "summary": {"covered_lines": 0, "num_statements": 8, "percent_covered": 0.0, "percent_covered_display": "0", "missing_lines": 8, "excluded_lines": 0}, "missing_lines": [1, 4, 5, 6, 8, 9, 10, 11], "excluded_lines": [], "functions": {"OnlineTuner.__init__": {"executed_lines": [], "summary": {"covered_lines": 0, "num_statements": 2, "percent_covered": 0.0, "percent_covered_display": "0", "missing_lines": 2, "excluded_lines": 0}, "missing_lines": [5, 6], "excluded_lines": []}, "OnlineTuner.step": {"executed_lines": [], "summary": {"covered_lines": 0, "num_statements": 3, "percent_covered": 0.0, "percent_covered_display": "0", "missing_lines": 3, "excluded_lines": 0}, "missing_lines": [9, 10, 11], "excluded_lines": []}, "": {"executed_lines": [], "summary": {"covered_lines": 0, "num_statements": 3, "percent_covered": 0.0, "percent_covered_display": "0", "missing_lines": 3, "excluded_lines": 0}, "missing_lines": [1, 4, 8], "excluded_lines": []}}, "classes": {"OnlineTuner": {"executed_lines": [], "summary": {"covered_lines": 0, "num_statements": 5, "percent_covered": 0.0, "percent_covered_display": "0", "missing_lines": 5, "excluded_lines": 0}, "missing_lines": [5, 6, 9, 10, 11], "excluded_lines": []}, "": {"executed_lines": [], "summary": {"covered_lines": 0, "num_statements": 3, "percent_covered": 0.0, "percent_covered_display": "0", "missing_lines": 3, "excluded_lines": 0}, "missing_lines": [1, 4, 8], "excluded_lines": []}}}, "penin/engine/caos_plus.py": {"executed_lines": [], "summary": {"covered_lines": 0, "num_statements": 8, "percent_covered": 0.0, "percent_covered_display": "0", "missing_lines": 8, "excluded_lines": 0}, "missing_lines": [29, 31, 34, 39, 48, 68, 73, 77], "excluded_lines": [], "functions": {"compute_caos_plus": {"executed_lines": [], "summary": {"covered_lines": 0, "num_statements": 2, "percent_covered": 0.0, "percent_covered_display": "0", "missing_lines": 2, "excluded_lines": 0}, "missing_lines": [68, 73], "excluded_lines": []}, "": {"executed_lines": [], "summary": {"covered_lines": 0, "num_statements": 6, "percent_covered": 0.0, "percent_covered_display": "0", "missing_lines": 6, "excluded_lines": 0}, "missing_lines": [29, 31, 34, 39, 48, 77], "excluded_lines": []}}, "classes": {"": {"executed_lines": [], "summary": {"covered_lines": 0, "num_statements": 8, "percent_covered": 0.0, "percent_covered_display": "0", "missing_lines": 8, "excluded_lines": 0}, "missing_lines": [29, 31, 34, 39, 48, 68, 73, 77], "excluded_lines": []}}}, "penin/engine/fibonacci.py": {"executed_lines": [], "summary": {"covered_lines": 0, "num_statements": 4, "percent_covered": 0.0, "percent_covered_display": "0", "missing_lines": 4, "excluded_lines": 0}, "missing_lines": [1, 3, 6, 8], "excluded_lines": [], "functions": {"alpha_fib": {"executed_lines": [], "summary": {"covered_lines": 0, "num_statements": 1, "percent_covered": 0.0, "percent_covered_display": "0", "missing_lines": 1, "excluded_lines": 0}, "missing_lines": [8], "excluded_lines": []}, "": {"executed_lines": [], "summary": {"covered_lines": 0, "num_statements": 3, "percent_covered": 0.0, "percent_covered_display": "0", "missing_lines": 3, "excluded_lines": 0}, "missing_lines": [1, 3, 6], "excluded_lines": []}}, "classes": {"": {"executed_lines": [], "summary": {"covered_lines": 0, "num_statements": 4, "percent_covered": 0.0, "percent_covered_display": "0", "missing_lines": 4, "excluded_lines": 0}, "missing_lines": [1, 3, 6, 8], "excluded_lines": []}}}, "penin/engine/master_equation.py": {"executed_lines": [], "summary": {"covered_lines": 0, "num_statements": 10, "percent_covered": 0.0, "percent_covered_display": "0", "missing_lines": 10, "excluded_lines": 0}, "missing_lines": [1, 3, 6, 7, 8, 9, 10, 13, 18, 19], "excluded_lines": [], "functions": {"step_master": {"executed_lines": [], "summary": {"covered_lines": 0, "num_statements": 2, "percent_covered": 0.0, "percent_covered_display": "0", "missing_lines": 2, "excluded_lines": 0}, "missing_lines": [18, 19], "excluded_lines": []}, "": {"executed_lines": [], "summary": {"covered_lines": 0, "num_statements": 8, "percent_covered": 0.0, "percent_covered_display": "0", "missing_lines": 8, "excluded_lines": 0}, "missing_lines": [1, 3, 6, 7, 8, 9, 10, 13], "excluded_lines": []}}, "classes": {"MasterState": {"executed_lines": [], "summary": {"covered_lines": 0, "num_statements": 0, "percent_covered": 100.0, "percent_covered_display": "100", "missing_lines": 0, "excluded_lines": 0}, "missing_lines": [], "excluded_lines": []}, "": {"executed_lines": [], "summary": {"covered_lines": 0, "num_statements": 10, "percent_covered": 0.0, "percent_covered_display": "0", "missing_lines": 10, "excluded_lines": 0}, "missing_lines": [1, 3, 6, 7, 8, 9, 10, 13, 18, 19], "excluded_lines": []}}}, "penin/equations/__init__.py": {"executed_lines": [], "summary": {"covered_lines": 0, "num_statements": 19, "percent_covered": 0.0, "percent_covered_display": "0", "missing_lines": 19, "excluded_lines": 0}, "missing_lines": [36, 37, 38, 39, 40, 41, 42, 46, 47, 48, 49, 50, 51, 52, 55, 62, 63, 65, 117], "excluded_lines": [], "functions": {"": {"executed_lines": [], "summary": {"covered_lines": 0, "num_statements": 19, "percent_covered": 0.0, "percent_covered_display": "0", "missing_lines": 19, "excluded_lines": 0}, "missing_lines": [36, 37, 38, 39, 40, 41, 42, 46, 47, 48, 49, 50, 51, 52, 55, 62, 63, 65, 117], "excluded_lines": []}}, "classes": {"": {"executed_lines": [], "summary": {"covered_lines": 0, "num_statements": 19, "percent_covered": 0.0, "percent_covered_display": "0", "missing_lines": 19, "excluded_lines": 0}, "missing_lines": [36, 37, 38, 39, 40, 41, 42, 46, 47, 48, 49, 50, 51, 52, 55, 62, 63, 65, 117], "excluded_lines": []}}}, "penin/equations/acfa_epv.py": {"executed_lines": [], "summary": {"covered_lines": 0, "num_statements": 48, "percent_covered": 0.0, "percent_covered_display": "0", "missing_lines": 48, "excluded_lines": 0}, "missing_lines": [32, 34, 35, 36, 39, 40, 43, 44, 45, 46, 49, 50, 53, 54, 55, 58, 59, 62, 63, 64, 67, 93, 95, 97, 99, 102, 103, 106, 107, 109, 112, 119, 120, 123, 139, 140, 142, 143, 144, 145, 146, 148, 151, 162, 164, 166, 169, 172], "excluded_lines": [], "functions": {"expected_possession_value": {"executed_lines": [], "summary": {"covered_lines": 0, "num_statements": 9, "percent_covered": 0.0, "percent_covered_display": "0", "missing_lines": 9, "excluded_lines": 0}, "missing_lines": [93, 95, 97, 99, 102, 103, 106, 107, 109], "excluded_lines": []}, "_value_estimate": {"executed_lines": [], "summary": {"covered_lines": 0, "num_statements": 2, "percent_covered": 0.0, "percent_covered_display": "0", "missing_lines": 2, "excluded_lines": 0}, "missing_lines": [119, 120], "excluded_lines": []}, "compute_q_values": {"executed_lines": [], "summary": {"covered_lines": 0, "num_statements": 8, "percent_covered": 0.0, "percent_covered_display": "0", "missing_lines": 8, "excluded_lines": 0}, "missing_lines": [139, 140, 142, 143, 144, 145, 146, 148], "excluded_lines": []}, "extract_policy": {"executed_lines": [], "summary": {"covered_lines": 0, "num_statements": 4, "percent_covered": 0.0, "percent_covered_display": "0", "missing_lines": 4, "excluded_lines": 0}, "missing_lines": [162, 164, 166, 169], "excluded_lines": []}, "": {"executed_lines": [], "summary": {"covered_lines": 0, "num_statements": 25, "percent_covered": 0.0, "percent_covered_display": "0", "missing_lines": 25, "excluded_lines": 0}, "missing_lines": [32, 34, 35, 36, 39, 40, 43, 44, 45, 46, 49, 50, 53, 54, 55, 58, 59, 62, 63, 64, 67, 112, 123, 151, 172], "excluded_lines": []}}, "classes": {"EPVConfig": {"executed_lines": [], "summary": {"covered_lines": 0, "num_statements": 0, "percent_covered": 100.0, "percent_covered_display": "100", "missing_lines": 0, "excluded_lines": 0}, "missing_lines": [], "excluded_lines": []}, "State": {"executed_lines": [], "summary": {"covered_lines": 0, "num_statements": 0, "percent_covered": 100.0, "percent_covered_display": "100", "missing_lines": 0, "excluded_lines": 0}, "missing_lines": [], "excluded_lines": []}, "Action": {"executed_lines": [], "summary": {"covered_lines": 0, "num_statements": 0, "percent_covered": 100.0, "percent_covered_display": "100", "missing_lines": 0, "excluded_lines": 0}, "missing_lines": [], "excluded_lines": []}, "": {"executed_lines": [], "summary": {"covered_lines": 0, "num_statements": 48, "percent_covered": 0.0, "percent_covered_display": "0", "missing_lines": 48, "excluded_lines": 0}, "missing_lines": [32, 34, 35, 36, 39, 40, 43, 44, 45, 46, 49, 50, 53, 54, 55, 58, 59, 62, 63, 64, 67, 93, 95, 97, 99, 102, 103, 106, 107, 109, 112, 119, 120, 123, 139, 140, 142, 143, 144, 145, 146, 148, 151, 162, 164, 166, 169, 172], "excluded_lines": []}}}, "penin/equations/agape_index.py": {"executed_lines": [], "summary": {"covered_lines": 0, "num_statements": 52, "percent_covered": 0.0, "percent_covered_display": "0", "missing_lines": 52, "excluded_lines": 0}, "missing_lines": [37, 39, 40, 45, 46, 49, 50, 51, 52, 54, 55, 56, 65, 67, 70, 71, 74, 75, 76, 77, 80, 105, 106, 109, 110, 113, 114, 115, 118, 121, 124, 126, 129, 137, 140, 141, 143, 144, 146, 148, 150, 153, 168, 171, 172, 182, 183, 196, 197, 206, 209, 211], "excluded_lines": [], "functions": {"AgapeConfig.__post_init__": {"executed_lines": [], "summary": {"covered_lines": 0, "num_statements": 4, "percent_covered": 0.0, "percent_covered_display": "0", "missing_lines": 4, "excluded_lines": 0}, "missing_lines": [55, 56, 65, 67], "excluded_lines": []}, "compute_agape_index": {"executed_lines": [], "summary": {"covered_lines": 0, "num_statements": 11, "percent_covered": 0.0, "percent_covered_display": "0", "missing_lines": 11, "excluded_lines": 0}, "missing_lines": [105, 106, 109, 110, 113, 114, 115, 118, 121, 124, 126], "excluded_lines": []}, "_choquet_integral": {"executed_lines": [], "summary": {"covered_lines": 0, "num_statements": 8, "percent_covered": 0.0, "percent_covered_display": "0", "missing_lines": 8, "excluded_lines": 0}, "missing_lines": [137, 140, 141, 143, 144, 146, 148, 150], "excluded_lines": []}, "check_ethical_laws": {"executed_lines": [], "summary": {"covered_lines": 0, "num_statements": 8, "percent_covered": 0.0, "percent_covered_display": "0", "missing_lines": 8, "excluded_lines": 0}, "missing_lines": [168, 171, 172, 182, 183, 196, 197, 206], "excluded_lines": []}, "": {"executed_lines": [], "summary": {"covered_lines": 0, "num_statements": 21, "percent_covered": 0.0, "percent_covered_display": "0", "missing_lines": 21, "excluded_lines": 0}, "missing_lines": [37, 39, 40, 45, 46, 49, 50, 51, 52, 54, 70, 71, 74, 75, 76, 77, 80, 129, 153, 209, 211], "excluded_lines": []}}, "classes": {"AgapeConfig": {"executed_lines": [], "summary": {"covered_lines": 0, "num_statements": 4, "percent_covered": 0.0, "percent_covered_display": "0", "missing_lines": 4, "excluded_lines": 0}, "missing_lines": [55, 56, 65, 67], "excluded_lines": []}, "EthicalViolation": {"executed_lines": [], "summary": {"covered_lines": 0, "num_statements": 0, "percent_covered": 100.0, "percent_covered_display": "100", "missing_lines": 0, "excluded_lines": 0}, "missing_lines": [], "excluded_lines": []}, "": {"executed_lines": [], "summary": {"covered_lines": 0, "num_statements": 48, "percent_covered": 0.0, "percent_covered_display": "0", "missing_lines": 48, "excluded_lines": 0}, "missing_lines": [37, 39, 40, 45, 46, 49, 50, 51, 52, 54, 70, 71, 74, 75, 76, 77, 80, 105, 106, 109, 110, 113, 114, 115, 118, 121, 124, 126, 129, 137, 140, 141, 143, 144, 146, 148, 150, 153, 168, 171, 172, 182, 183, 196, 197, 206, 209, 211], "excluded_lines": []}}}, "penin/equations/anabolization.py": {"executed_lines": [], "summary": {"covered_lines": 0, "num_statements": 18, "percent_covered": 0.0, "percent_covered_display": "0", "missing_lines": 18, "excluded_lines": 0}, "missing_lines": [14, 16, 17, 20, 21, 24, 25, 26, 27, 28, 29, 32, 54, 57, 64, 67, 69, 72], "excluded_lines": [], "functions": {"anabolize_penin": {"executed_lines": [], "summary": {"covered_lines": 0, "num_statements": 5, "percent_covered": 0.0, "percent_covered_display": "0", "missing_lines": 5, "excluded_lines": 0}, "missing_lines": [54, 57, 64, 67, 69], "excluded_lines": []}, "": {"executed_lines": [], "summary": {"covered_lines": 0, "num_statements": 13, "percent_covered": 0.0, "percent_covered_display": "0", "missing_lines": 13, "excluded_lines": 0}, "missing_lines": [14, 16, 17, 20, 21, 24, 25, 26, 27, 28, 29, 32, 72], "excluded_lines": []}}, "classes": {"AnabolizationConfig": {"executed_lines": [], "summary": {"covered_lines": 0, "num_statements": 0, "percent_covered": 100.0, "percent_covered_display": "100", "missing_lines": 0, "excluded_lines": 0}, "missing_lines": [], "excluded_lines": []}, "": {"executed_lines": [], "summary": {"covered_lines": 0, "num_statements": 18, "percent_covered": 0.0, "percent_covered_display": "0", "missing_lines": 18, "excluded_lines": 0}, "missing_lines": [14, 16, 17, 20, 21, 24, 25, 26, 27, 28, 29, 32, 54, 57, 64, 67, 69, 72], "excluded_lines": []}}}, "penin/equations/auto_tuning.py": {"executed_lines": [], "summary": {"covered_lines": 0, "num_statements": 81, "percent_covered": 0.0, "percent_covered_display": "0", "missing_lines": 81, "excluded_lines": 0}, "missing_lines": [28, 30, 31, 34, 35, 38, 39, 40, 41, 44, 55, 56, 59, 60, 61, 62, 63, 66, 74, 75, 76, 77, 79, 81, 82, 84, 86, 96, 97, 98, 99, 102, 104, 105, 107, 119, 120, 122, 123, 126, 127, 129, 132, 134, 136, 147, 148, 150, 153, 154, 155, 158, 161, 164, 167, 168, 169, 172, 173, 174, 176, 178, 180, 182, 184, 197, 214, 215, 218, 219, 220, 223, 225, 226, 227, 228, 230, 232, 234, 236, 239], "excluded_lines": [], "functions": {"AutoTuner.__init__": {"executed_lines": [], "summary": {"covered_lines": 0, "num_statements": 3, "percent_covered": 0.0, "percent_covered_display": "0", "missing_lines": 3, "excluded_lines": 0}, "missing_lines": [75, 76, 77], "excluded_lines": []}, "AutoTuner.register_hyperparam": {"executed_lines": [], "summary": {"covered_lines": 0, "num_statements": 3, "percent_covered": 0.0, "percent_covered_display": "0", "missing_lines": 3, "excluded_lines": 0}, "missing_lines": [81, 82, 84], "excluded_lines": []}, "AutoTuner.compute_meta_loss": {"executed_lines": [], "summary": {"covered_lines": 0, "num_statements": 7, "percent_covered": 0.0, "percent_covered_display": "0", "missing_lines": 7, "excluded_lines": 0}, "missing_lines": [96, 97, 98, 99, 102, 104, 105], "excluded_lines": []}, "AutoTuner.estimate_gradient": {"executed_lines": [], "summary": {"covered_lines": 0, "num_statements": 9, "percent_covered": 0.0, "percent_covered_display": "0", "missing_lines": 9, "excluded_lines": 0}, "missing_lines": [119, 120, 122, 123, 126, 127, 129, 132, 134], "excluded_lines": []}, "AutoTuner.update_hyperparam": {"executed_lines": [], "summary": {"covered_lines": 0, "num_statements": 16, "percent_covered": 0.0, "percent_covered_display": "0", "missing_lines": 16, "excluded_lines": 0}, "missing_lines": [147, 148, 150, 153, 154, 155, 158, 161, 164, 167, 168, 169, 172, 173, 174, 176], "excluded_lines": []}, "AutoTuner.get_current_values": {"executed_lines": [], "summary": {"covered_lines": 0, "num_statements": 1, "percent_covered": 0.0, "percent_covered_display": "0", "missing_lines": 1, "excluded_lines": 0}, "missing_lines": [180], "excluded_lines": []}, "AutoTuner.get_diagnostics": {"executed_lines": [], "summary": {"covered_lines": 0, "num_statements": 1, "percent_covered": 0.0, "percent_covered_display": "0", "missing_lines": 1, "excluded_lines": 0}, "missing_lines": [184], "excluded_lines": []}, "auto_tune_hyperparams": {"executed_lines": [], "summary": {"covered_lines": 0, "num_statements": 14, "percent_covered": 0.0, "percent_covered_display": "0", "missing_lines": 14, "excluded_lines": 0}, "missing_lines": [214, 215, 218, 219, 220, 223, 225, 226, 227, 228, 230, 232, 234, 236], "excluded_lines": []}, "": {"executed_lines": [], "summary": {"covered_lines": 0, "num_statements": 27, "percent_covered": 0.0, "percent_covered_display": "0", "missing_lines": 27, "excluded_lines": 0}, "missing_lines": [28, 30, 31, 34, 35, 38, 39, 40, 41, 44, 55, 56, 59, 60, 61, 62, 63, 66, 74, 79, 86, 107, 136, 178, 182, 197, 239], "excluded_lines": []}}, "classes": {"AutoTuningConfig": {"executed_lines": [], "summary": {"covered_lines": 0, "num_statements": 0, "percent_covered": 100.0, "percent_covered_display": "100", "missing_lines": 0, "excluded_lines": 0}, "missing_lines": [], "excluded_lines": []}, "HyperparamState": {"executed_lines": [], "summary": {"covered_lines": 0, "num_statements": 0, "percent_covered": 100.0, "percent_covered_display": "100", "missing_lines": 0, "excluded_lines": 0}, "missing_lines": [], "excluded_lines": []}, "AutoTuner": {"executed_lines": [], "summary": {"covered_lines": 0, "num_statements": 40, "percent_covered": 0.0, "percent_covered_display": "0", "missing_lines": 40, "excluded_lines": 0}, "missing_lines": [75, 76, 77, 81, 82, 84, 96, 97, 98, 99, 102, 104, 105, 119, 120, 122, 123, 126, 127, 129, 132, 134, 147, 148, 150, 153, 154, 155, 158, 161, 164, 167, 168, 169, 172, 173, 174, 176, 180, 184], "excluded_lines": []}, "": {"executed_lines": [], "summary": {"covered_lines": 0, "num_statements": 41, "percent_covered": 0.0, "percent_covered_display": "0", "missing_lines": 41, "excluded_lines": 0}, "missing_lines": [28, 30, 31, 34, 35, 38, 39, 40, 41, 44, 55, 56, 59, 60, 61, 62, 63, 66, 74, 79, 86, 107, 136, 178, 182, 197, 214, 215, 218, 219, 220, 223, 225, 226, 227, 228, 230, 232, 234, 236, 239], "excluded_lines": []}}}, "penin/equations/caos_plus.py": {"executed_lines": [], "summary": {"covered_lines": 0, "num_statements": 4, "percent_covered": 0.0, "percent_covered_display": "0", "missing_lines": 4, "excluded_lines": 0}, "missing_lines": [20, 21, 22, 23], "excluded_lines": [], "functions": {"": {"executed_lines": [], "summary": {"covered_lines": 0, "num_statements": 4, "percent_covered": 0.0, "percent_covered_display": "0", "missing_lines": 4, "excluded_lines": 0}, "missing_lines": [20, 21, 22, 23], "excluded_lines": []}}, "classes": {"": {"executed_lines": [], "summary": {"covered_lines": 0, "num_statements": 4, "percent_covered": 0.0, "percent_covered_display": "0", "missing_lines": 4, "excluded_lines": 0}, "missing_lines": [20, 21, 22, 23], "excluded_lines": []}}}, "penin/equations/death_equation.py": {"executed_lines": [], "summary": {"covered_lines": 0, "num_statements": 13, "percent_covered": 0.0, "percent_covered_display": "0", "missing_lines": 13, "excluded_lines": 0}, "missing_lines": [22, 24, 27, 35, 36, 39, 40, 41, 42, 45, 62, 63, 66], "excluded_lines": [], "functions": {"death_gate_check": {"executed_lines": [], "summary": {"covered_lines": 0, "num_statements": 2, "percent_covered": 0.0, "percent_covered_display": "0", "missing_lines": 2, "excluded_lines": 0}, "missing_lines": [62, 63], "excluded_lines": []}, "": {"executed_lines": [], "summary": {"covered_lines": 0, "num_statements": 11, "percent_covered": 0.0, "percent_covered_display": "0", "missing_lines": 11, "excluded_lines": 0}, "missing_lines": [22, 24, 27, 35, 36, 39, 40, 41, 42, 45, 66], "excluded_lines": []}}, "classes": {"DeathConfig": {"executed_lines": [], "summary": {"covered_lines": 0, "num_statements": 0, "percent_covered": 100.0, "percent_covered_display": "100", "missing_lines": 0, "excluded_lines": 0}, "missing_lines": [], "excluded_lines": []}, "": {"executed_lines": [], "summary": {"covered_lines": 0, "num_statements": 13, "percent_covered": 0.0, "percent_covered_display": "0", "missing_lines": 13, "excluded_lines": 0}, "missing_lines": [22, 24, 27, 35, 36, 39, 40, 41, 42, 45, 62, 63, 66], "excluded_lines": []}}}, "penin/equations/delta_linf_growth.py": {"executed_lines": [], "summary": {"covered_lines": 0, "num_statements": 14, "percent_covered": 0.0, "percent_covered_display": "0", "missing_lines": 14, "excluded_lines": 0}, "missing_lines": [11, 13, 16, 17, 20, 21, 24, 33, 35, 36, 38, 39, 41, 44], "excluded_lines": [], "functions": {"delta_linf_compound_growth": {"executed_lines": [], "summary": {"covered_lines": 0, "num_statements": 6, "percent_covered": 0.0, "percent_covered_display": "0", "missing_lines": 6, "excluded_lines": 0}, "missing_lines": [33, 35, 36, 38, 39, 41], "excluded_lines": []}, "": {"executed_lines": [], "summary": {"covered_lines": 0, "num_statements": 8, "percent_covered": 0.0, "percent_covered_display": "0", "missing_lines": 8, "excluded_lines": 0}, "missing_lines": [11, 13, 16, 17, 20, 21, 24, 44], "excluded_lines": []}}, "classes": {"DeltaLInfConfig": {"executed_lines": [], "summary": {"covered_lines": 0, "num_statements": 0, "percent_covered": 100.0, "percent_covered_display": "100", "missing_lines": 0, "excluded_lines": 0}, "missing_lines": [], "excluded_lines": []}, "": {"executed_lines": [], "summary": {"covered_lines": 0, "num_statements": 14, "percent_covered": 0.0, "percent_covered_display": "0", "missing_lines": 14, "excluded_lines": 0}, "missing_lines": [11, 13, 16, 17, 20, 21, 24, 33, 35, 36, 38, 39, 41, 44], "excluded_lines": []}}}, "penin/equations/ir_ic_contractive.py": {"executed_lines": [], "summary": {"covered_lines": 0, "num_statements": 24, "percent_covered": 0.0, "percent_covered_display": "0", "missing_lines": 24, "excluded_lines": 0}, "missing_lines": [25, 27, 30, 39, 40, 43, 44, 45, 46, 48, 49, 50, 51, 52, 55, 77, 80, 84, 85, 86, 89, 90, 92, 95], "excluded_lines": [], "functions": {"ContractivityConfig.__post_init__": {"executed_lines": [], "summary": {"covered_lines": 0, "num_statements": 4, "percent_covered": 0.0, "percent_covered_display": "0", "missing_lines": 4, "excluded_lines": 0}, "missing_lines": [49, 50, 51, 52], "excluded_lines": []}, "ir_to_ic": {"executed_lines": [], "summary": {"covered_lines": 0, "num_statements": 8, "percent_covered": 0.0, "percent_covered_display": "0", "missing_lines": 8, "excluded_lines": 0}, "missing_lines": [77, 80, 84, 85, 86, 89, 90, 92], "excluded_lines": []}, "": {"executed_lines": [], "summary": {"covered_lines": 0, "num_statements": 12, "percent_covered": 0.0, "percent_covered_display": "0", "missing_lines": 12, "excluded_lines": 0}, "missing_lines": [25, 27, 30, 39, 40, 43, 44, 45, 46, 48, 55, 95], "excluded_lines": []}}, "classes": {"ContractivityConfig": {"executed_lines": [], "summary": {"covered_lines": 0, "num_statements": 4, "percent_covered": 0.0, "percent_covered_display": "0", "missing_lines": 4, "excluded_lines": 0}, "missing_lines": [49, 50, 51, 52], "excluded_lines": []}, "": {"executed_lines": [], "summary": {"covered_lines": 0, "num_statements": 20, "percent_covered": 0.0, "percent_covered_display": "0", "missing_lines": 20, "excluded_lines": 0}, "missing_lines": [25, 27, 30, 39, 40, 43, 44, 45, 46, 48, 55, 77, 80, 84, 85, 86, 89, 90, 92, 95], "excluded_lines": []}}}, "penin/equations/linf_meta.py": {"executed_lines": [], "summary": {"covered_lines": 0, "num_statements": 4, "percent_covered": 0.0, "percent_covered_display": "0", "missing_lines": 4, "excluded_lines": 0}, "missing_lines": [20, 21, 22, 23], "excluded_lines": [], "functions": {"": {"executed_lines": [], "summary": {"covered_lines": 0, "num_statements": 4, "percent_covered": 0.0, "percent_covered_display": "0", "missing_lines": 4, "excluded_lines": 0}, "missing_lines": [20, 21, 22, 23], "excluded_lines": []}}, "classes": {"": {"executed_lines": [], "summary": {"covered_lines": 0, "num_statements": 4, "percent_covered": 0.0, "percent_covered_display": "0", "missing_lines": 4, "excluded_lines": 0}, "missing_lines": [20, 21, 22, 23], "excluded_lines": []}}}, "penin/equations/lyapunov_contractive.py": {"executed_lines": [], "summary": {"covered_lines": 0, "num_statements": 17, "percent_covered": 0.0, "percent_covered_display": "0", "missing_lines": 17, "excluded_lines": 0}, "missing_lines": [15, 17, 18, 20, 23, 24, 27, 28, 31, 40, 41, 43, 44, 46, 47, 49, 52], "excluded_lines": [], "functions": {"lyapunov_check": {"executed_lines": [], "summary": {"covered_lines": 0, "num_statements": 7, "percent_covered": 0.0, "percent_covered_display": "0", "missing_lines": 7, "excluded_lines": 0}, "missing_lines": [40, 41, 43, 44, 46, 47, 49], "excluded_lines": []}, "": {"executed_lines": [], "summary": {"covered_lines": 0, "num_statements": 10, "percent_covered": 0.0, "percent_covered_display": "0", "missing_lines": 10, "excluded_lines": 0}, "missing_lines": [15, 17, 18, 20, 23, 24, 27, 28, 31, 52], "excluded_lines": []}}, "classes": {"LyapunovConfig": {"executed_lines": [], "summary": {"covered_lines": 0, "num_statements": 0, "percent_covered": 100.0, "percent_covered_display": "100", "missing_lines": 0, "excluded_lines": 0}, "missing_lines": [], "excluded_lines": []}, "": {"executed_lines": [], "summary": {"covered_lines": 0, "num_statements": 17, "percent_covered": 0.0, "percent_covered_display": "0", "missing_lines": 17, "excluded_lines": 0}, "missing_lines": [15, 17, 18, 20, 23, 24, 27, 28, 31, 40, 41, 43, 44, 46, 47, 49, 52], "excluded_lines": []}}}, "penin/equations/oci_closure.py": {"executed_lines": [], "summary": {"covered_lines": 0, "num_statements": 24, "percent_covered": 0.0, "percent_covered_display": "0", "missing_lines": 24, "excluded_lines": 0}, "missing_lines": [13, 15, 17, 18, 19, 20, 23, 24, 27, 30, 31, 34, 35, 36, 39, 46, 48, 49, 51, 52, 54, 55, 57, 60], "excluded_lines": [], "functions": {"organizational_closure_index": {"executed_lines": [], "summary": {"covered_lines": 0, "num_statements": 8, "percent_covered": 0.0, "percent_covered_display": "0", "missing_lines": 8, "excluded_lines": 0}, "missing_lines": [46, 48, 49, 51, 52, 54, 55, 57], "excluded_lines": []}, "": {"executed_lines": [], "summary": {"covered_lines": 0, "num_statements": 16, "percent_covered": 0.0, "percent_covered_display": "0", "missing_lines": 16, "excluded_lines": 0}, "missing_lines": [13, 15, 17, 18, 19, 20, 23, 24, 27, 30, 31, 34, 35, 36, 39, 60], "excluded_lines": []}}, "classes": {"OCIConfig": {"executed_lines": [], "summary": {"covered_lines": 0, "num_statements": 0, "percent_covered": 100.0, "percent_covered_display": "100", "missing_lines": 0, "excluded_lines": 0}, "missing_lines": [], "excluded_lines": []}, "Dependency": {"executed_lines": [], "summary": {"covered_lines": 0, "num_statements": 0, "percent_covered": 100.0, "percent_covered_display": "100", "missing_lines": 0, "excluded_lines": 0}, "missing_lines": [], "excluded_lines": []}, "": {"executed_lines": [], "summary": {"covered_lines": 0, "num_statements": 24, "percent_covered": 0.0, "percent_covered_display": "0", "missing_lines": 24, "excluded_lines": 0}, "missing_lines": [13, 15, 17, 18, 19, 20, 23, 24, 27, 30, 31, 34, 35, 36, 39, 46, 48, 49, 51, 52, 54, 55, 57, 60], "excluded_lines": []}}}, "penin/equations/omega_sea_total.py": {"executed_lines": [], "summary": {"covered_lines": 0, "num_statements": 48, "percent_covered": 0.0, "percent_covered_display": "0", "missing_lines": 48, "excluded_lines": 0}, "missing_lines": [31, 33, 36, 37, 40, 41, 42, 44, 45, 47, 59, 60, 63, 64, 65, 66, 67, 70, 100, 103, 104, 106, 107, 108, 111, 112, 113, 116, 122, 123, 125, 128, 131, 133, 136, 152, 155, 159, 160, 162, 165, 176, 177, 179, 180, 182, 184, 187], "excluded_lines": [], "functions": {"OmegaSEAConfig.__post_init__": {"executed_lines": [], "summary": {"covered_lines": 0, "num_statements": 2, "percent_covered": 0.0, "percent_covered_display": "0", "missing_lines": 2, "excluded_lines": 0}, "missing_lines": [45, 47], "excluded_lines": []}, "omega_sea_coherence": {"executed_lines": [], "summary": {"covered_lines": 0, "num_statements": 16, "percent_covered": 0.0, "percent_covered_display": "0", "missing_lines": 16, "excluded_lines": 0}, "missing_lines": [100, 103, 104, 106, 107, 108, 111, 112, 113, 116, 122, 123, 125, 128, 131, 133], "excluded_lines": []}, "diagnose_bottleneck": {"executed_lines": [], "summary": {"covered_lines": 0, "num_statements": 5, "percent_covered": 0.0, "percent_covered_display": "0", "missing_lines": 5, "excluded_lines": 0}, "missing_lines": [152, 155, 159, 160, 162], "excluded_lines": []}, "compute_resilience": {"executed_lines": [], "summary": {"covered_lines": 0, "num_statements": 6, "percent_covered": 0.0, "percent_covered_display": "0", "missing_lines": 6, "excluded_lines": 0}, "missing_lines": [176, 177, 179, 180, 182, 184], "excluded_lines": []}, "": {"executed_lines": [], "summary": {"covered_lines": 0, "num_statements": 19, "percent_covered": 0.0, "percent_covered_display": "0", "missing_lines": 19, "excluded_lines": 0}, "missing_lines": [31, 33, 36, 37, 40, 41, 42, 44, 59, 60, 63, 64, 65, 66, 67, 70, 136, 165, 187], "excluded_lines": []}}, "classes": {"OmegaSEAConfig": {"executed_lines": [], "summary": {"covered_lines": 0, "num_statements": 2, "percent_covered": 0.0, "percent_covered_display": "0", "missing_lines": 2, "excluded_lines": 0}, "missing_lines": [45, 47], "excluded_lines": []}, "ModuleHealth": {"executed_lines": [], "summary": {"covered_lines": 0, "num_statements": 0, "percent_covered": 100.0, "percent_covered_display": "100", "missing_lines": 0, "excluded_lines": 0}, "missing_lines": [], "excluded_lines": []}, "": {"executed_lines": [], "summary": {"covered_lines": 0, "num_statements": 46, "percent_covered": 0.0, "percent_covered_display": "0", "missing_lines": 46, "excluded_lines": 0}, "missing_lines": [31, 33, 36, 37, 40, 41, 42, 44, 59, 60, 63, 64, 65, 66, 67, 70, 100, 103, 104, 106, 107, 108, 111, 112, 113, 116, 122, 123, 125, 128, 131, 133, 136, 152, 155, 159, 160, 162, 165, 176, 177, 179, 180, 182, 184, 187], "excluded_lines": []}}}, "penin/equations/penin_equation.py": {"executed_lines": [], "summary": {"covered_lines": 0, "num_statements": 170, "percent_covered": 0.0, "percent_covered_
[...]
MultiLLMRouterComplete._persist_state": {"executed_lines": [], "summary": {"covered_lines": 0, "num_statements": 13, "percent_covered": 0.0, "percent_covered_display": "0", "missing_lines": 13, "excluded_lines": 0}, "missing_lines": [661, 668, 669, 671, 672, 673, 675, 676, 677, 679, 680, 681, 683], "excluded_lines": []}, "MultiLLMRouterComplete._provider_id": {"executed_lines": [], "summary": {"covered_lines": 0, "num_statements": 1, "percent_covered": 0.0, "percent_covered_display": "0", "missing_lines": 1, "excluded_lines": 0}, "missing_lines": [687], "excluded_lines": []}, "MultiLLMRouterComplete._score_response": {"executed_lines": [], "summary": {"covered_lines": 0, "num_statements": 7, "percent_covered": 0.0, "percent_covered_display": "0", "missing_lines": 7, "excluded_lines": 0}, "missing_lines": [700, 703, 704, 707, 708, 711, 714], "excluded_lines": []}, "MultiLLMRouterComplete._invoke_provider": {"executed_lines": [], "summary": {"covered_lines": 0, "num_statements": 24, "percent_covered": 0.0, "percent_covered_display": "0", "missing_lines": 24, "excluded_lines": 0}, "missing_lines": [731, 734, 735, 736, 739, 740, 741, 742, 744, 745, 746, 747, 748, 751, 752, 753, 754, 755, 757, 758, 759, 760, 761, 763], "excluded_lines": []}, "MultiLLMRouterComplete._aggregate_usage": {"executed_lines": [], "summary": {"covered_lines": 0, "num_statements": 8, "percent_covered": 0.0, "percent_covered_display": "0", "missing_lines": 8, "excluded_lines": 0}, "missing_lines": [767, 768, 770, 771, 772, 773, 774, 776], "excluded_lines": []}, "MultiLLMRouterComplete.ask": {"executed_lines": [], "summary": {"covered_lines": 0, "num_statements": 39, "percent_covered": 0.0, "percent_covered_display": "0", "missing_lines": 39, "excluded_lines": 0}, "missing_lines": [806, 807, 808, 809, 810, 813, 814, 815, 822, 824, 827, 828, 838, 843, 844, 846, 849, 850, 852, 853, 854, 855, 856, 858, 859, 862, 866, 869, 870, 871, 872, 875, 876, 879, 880, 883, 885, 888, 890], "excluded_lines": []}, "MultiLLMRouterComplete.get_usage_stats": {"executed_lines": [], "summary": {"covered_lines": 0, "num_statements": 7, "percent_covered": 0.0, "percent_covered_display": "0", "missing_lines": 7, "excluded_lines": 0}, "missing_lines": [898, 899, 901, 902, 904, 905, 907], "excluded_lines": []}, "MultiLLMRouterComplete.get_budget_status": {"executed_lines": [], "summary": {"covered_lines": 0, "num_statements": 1, "percent_covered": 0.0, "percent_covered_display": "0", "missing_lines": 1, "excluded_lines": 0}, "missing_lines": [911], "excluded_lines": []}, "MultiLLMRouterComplete.reset_daily_budget": {"executed_lines": [], "summary": {"covered_lines": 0, "num_statements": 1, "percent_covered": 0.0, "percent_covered_display": "0", "missing_lines": 1, "excluded_lines": 0}, "missing_lines": [915], "excluded_lines": []}, "MultiLLMRouterComplete.get_analytics": {"executed_lines": [], "summary": {"covered_lines": 0, "num_statements": 3, "percent_covered": 0.0, "percent_covered_display": "0", "missing_lines": 3, "excluded_lines": 0}, "missing_lines": [919, 920, 928], "excluded_lines": []}, "MultiLLMRouterComplete.clear_cache": {"executed_lines": [], "summary": {"covered_lines": 0, "num_statements": 2, "percent_covered": 0.0, "percent_covered_display": "0", "missing_lines": 2, "excluded_lines": 0}, "missing_lines": [932, 933], "excluded_lines": []}, "create_router_complete": {"executed_lines": [], "summary": {"covered_lines": 0, "num_statements": 1, "percent_covered": 0.0, "percent_covered_display": "0", "missing_lines": 1, "excluded_lines": 0}, "missing_lines": [955], "excluded_lines": []}, "": {"executed_lines": [1, 20, 22, 23, 24, 25, 26, 27, 28, 29, 30, 31, 32, 33, 35, 36, 38, 42, 44, 45, 51, 52, 53, 54, 56, 57, 59, 60, 61, 69, 70, 72, 73, 74, 75, 78, 79, 81, 82, 83, 91, 92, 93, 103, 104, 105, 106, 107, 108, 110, 127, 134, 139, 146, 150, 154, 170, 186, 187, 188, 199, 200, 201, 202, 203, 204, 205, 206, 207, 208, 209, 210, 211, 213, 233, 249, 255, 261, 267, 271, 298, 299, 314, 328, 352, 358, 368, 369, 379, 380, 382, 389, 394, 400, 405, 406, 416, 431, 439, 470, 481, 497, 511, 522, 523, 537, 589, 614, 659, 685, 689, 721, 765, 778, 779, 896, 909, 913, 917, 930, 941], "summary": {"covered_lines": 112, "num_statements": 114, "percent_covered": 98.24561403508773, "percent_covered_display": "98", "missing_lines": 2, "excluded_lines": 0}, "missing_lines": [39, 40], "excluded_lines": []}}, "classes": {"ProviderHealth": {"executed_lines": [], "summary": {"covered_lines": 0, "num_statements": 0, "percent_covered": 100.0, "percent_covered_display": "100", "missing_lines": 0, "excluded_lines": 0}, "missing_lines": [], "excluded_lines": []}, "RouterMode": {"executed_lines": [], "summary": {"covered_lines": 0, "num_statements": 0, "percent_covered": 100.0, "percent_covered_display": "100", "missing_lines": 0, "excluded_lines": 0}, "missing_lines": [], "excluded_lines": []}, "BudgetTracker": {"executed_lines": [], "summary": {"covered_lines": 0, "num_statements": 28, "percent_covered": 0.0, "percent_covered_display": "0", "missing_lines": 28, "excluded_lines": 0}, "missing_lines": [112, 113, 114, 122, 123, 124, 125, 129, 130, 131, 132, 136, 137, 141, 142, 143, 144, 148, 152, 156, 157, 172, 173, 174, 175, 176, 177, 178], "excluded_lines": []}, "ProviderStats": {"executed_lines": [], "summary": {"covered_lines": 0, "num_statements": 35, "percent_covered": 0.0, "percent_covered_display": "0", "missing_lines": 35, "excluded_lines": 0}, "missing_lines": [215, 216, 217, 218, 219, 220, 221, 222, 223, 224, 225, 228, 229, 231, 235, 236, 237, 238, 239, 242, 243, 244, 245, 247, 251, 252, 253, 257, 258, 259, 263, 264, 265, 269, 273], "excluded_lines": []}, "CircuitBreaker": {"executed_lines": [320, 321, 322, 323, 324, 325, 326], "summary": {"covered_lines": 7, "num_statements": 31, "percent_covered": 22.580645161290324, "percent_covered_display": "23", "missing_lines": 24, "excluded_lines": 0}, "missing_lines": [330, 331, 333, 336, 337, 338, 339, 340, 341, 344, 345, 346, 347, 348, 350, 354, 355, 356, 360, 361, 363, 364, 366, 371], "excluded_lines": []}, "CacheEntry": {"executed_lines": [], "summary": {"covered_lines": 0, "num_statements": 11, "percent_covered": 0.0, "percent_covered_display": "0", "missing_lines": 11, "excluded_lines": 0}, "missing_lines": [383, 384, 385, 386, 387, 391, 392, 396, 397, 398, 402], "excluded_lines": []}, "HMACCache": {"executed_lines": [422, 423, 424, 425, 426, 427, 428, 429], "summary": {"covered_lines": 8, "num_statements": 50, "percent_covered": 16.0, "percent_covered_display": "16", "missing_lines": 42, "excluded_lines": 0}, "missing_lines": [433, 434, 436, 437, 442, 443, 444, 445, 446, 448, 449, 450, 453, 454, 455, 456, 458, 459, 460, 461, 463, 464, 465, 467, 468, 472, 475, 478, 479, 483, 484, 487, 488, 490, 491, 494, 495, 499, 500, 502, 513, 514], "excluded_lines": []}, "MultiLLMRouterComplete": {"executed_lines": [551, 552, 553, 556, 557, 558, 561, 562, 563, 566, 569, 570, 571, 574, 575, 576, 577, 580, 583, 586, 587, 591, 593, 594, 595, 596, 597, 600, 603, 604, 607, 608, 611, 612, 616, 617, 618], "summary": {"covered_lines": 37, "num_statements": 174, "percent_covered": 21.264367816091955, "percent_covered_display": "21", "missing_lines": 137, "excluded_lines": 0}, "missing_lines": [620, 621, 623, 624, 625, 628, 629, 630, 631, 632, 634, 635, 636, 637, 638, 639, 641, 642, 645, 646, 647, 648, 649, 650, 651, 652, 653, 654, 655, 656, 657, 661, 668, 669, 671, 672, 673, 675, 676, 677, 679, 680, 681, 683, 687, 700, 703, 704, 707, 708, 711, 714, 731, 734, 735, 736, 739, 740, 741, 742, 744, 745, 746, 747, 748, 751, 752, 753, 754, 755, 757, 758, 759, 760, 761, 763, 767, 768, 770, 771, 772, 773, 774, 776, 806, 807, 808, 809, 810, 813, 814, 815, 822, 824, 827, 828, 838, 843, 844, 846, 849, 850, 852, 853, 854, 855, 856, 858, 859, 862, 866, 869, 870, 871, 872, 875, 876, 879, 880, 883, 885, 888, 890, 898, 899, 901, 902, 904, 905, 907, 911, 915, 919, 920, 928, 932, 933], "excluded_lines": []}, "": {"executed_lines": [1, 20, 22, 23, 24, 25, 26, 27, 28, 29, 30, 31, 32, 33, 35, 36, 38, 42, 44, 45, 51, 52, 53, 54, 56, 57, 59, 60, 61, 69, 70, 72, 73, 74, 75, 78, 79, 81, 82, 83, 91, 92, 93, 103, 104, 105, 106, 107, 108, 110, 127, 134, 139, 146, 150, 154, 170, 186, 187, 188, 199, 200, 201, 202, 203, 204, 205, 206, 207, 208, 209, 210, 211, 213, 233, 249, 255, 261, 267, 271, 298, 299, 314, 328, 352, 358, 368, 369, 379, 380, 382, 389, 394, 400, 405, 406, 416, 431, 439, 470, 481, 497, 511, 522, 523, 537, 589, 614, 659, 685, 689, 721, 765, 778, 779, 896, 909, 913, 917, 930, 941], "summary": {"covered_lines": 112, "num_statements": 115, "percent_covered": 97.3913043478261, "percent_covered_display": "97", "missing_lines": 3, "excluded_lines": 0}, "missing_lines": [39, 40, 955], "excluded_lines": []}}}, "penin/sr/__init__.py": {"executed_lines": [], "summary": {"covered_lines": 0, "num_statements": 3, "percent_covered": 0.0, "percent_covered_display": "0", "missing_lines": 3, "excluded_lines": 0}, "missing_lines": [8, 10, 17], "excluded_lines": [], "functions": {"": {"executed_lines": [], "summary": {"covered_lines": 0, "num_statements": 3, "percent_covered": 0.0, "percent_covered_display": "0", "missing_lines": 3, "excluded_lines": 0}, "missing_lines": [8, 10, 17], "excluded_lines": []}}, "classes": {"": {"executed_lines": [], "summary": {"covered_lines": 0, "num_statements": 3, "percent_covered": 0.0, "percent_covered_display": "0", "missing_lines": 3, "excluded_lines": 0}, "missing_lines": [8, 10, 17], "excluded_lines": []}}}, "penin/sr/sr_service.py": {"executed_lines": [], "summary": {"covered_lines": 0, "num_statements": 143, "percent_covered": 0.0, "percent_covered_display": "0", "missing_lines": 143, "excluded_lines": 0}, "missing_lines": [20, 22, 23, 24, 25, 26, 28, 29, 30, 31, 39, 40, 54, 55, 56, 57, 60, 61, 64, 65, 66, 67, 69, 71, 72, 80, 109, 112, 120, 122, 130, 154, 170, 171, 178, 179, 180, 182, 206, 209, 210, 211, 215, 218, 219, 223, 227, 228, 231, 234, 246, 248, 250, 252, 254, 256, 257, 259, 260, 262, 269, 270, 271, 273, 280, 287, 288, 290, 291, 293, 322, 334, 335, 337, 338, 342, 344, 345, 346, 347, 348, 349, 350, 352, 358, 359, 361, 362, 363, 364, 366, 367, 369, 377, 392, 393, 394, 395, 397, 404, 405, 406, 407, 408, 409, 410, 411, 414, 416, 423, 424, 427, 436, 438, 441, 442, 447, 449, 451, 452, 453, 454, 456, 457, 459, 461, 462, 464, 465, 466, 467, 476, 477, 479, 485, 494, 495, 497, 499, 500, 502, 504, 506], "excluded_lines": [], "functions": {"SRScore.__post_init__": {"executed_lines": [], "summary": {"covered_lines": 0, "num_statements": 2, "percent_covered": 0.0, "percent_covered_display": "0", "missing_lines": 2, "excluded_lines": 0}, "missing_lines": [71, 72], "excluded_lines": []}, "compute_sr_score": {"executed_lines": [], "summary": {"covered_lines": 0, "num_statements": 4, "percent_covered": 0.0, "percent_covered_display": "0", "missing_lines": 4, "excluded_lines": 0}, "missing_lines": [109, 112, 120, 122], "excluded_lines": []}, "SRService.__init__": {"executed_lines": [], "summary": {"covered_lines": 0, "num_statements": 5, "percent_covered": 0.0, "percent_covered_display": "0", "missing_lines": 5, "excluded_lines": 0}, "missing_lines": [170, 171, 178, 179, 180], "excluded_lines": []}, "SRService.compute_score": {"executed_lines": [], "summary": {"covered_lines": 0, "num_statements": 14, "percent_covered": 0.0, "percent_covered_display": "0", "missing_lines": 14, "excluded_lines": 0}, "missing_lines": [206, 209, 210, 211, 215, 218, 219, 223, 227, 228, 231, 234, 246, 248], "excluded_lines": []}, "SRService.get_latest_score": {"executed_lines": [], "summary": {"covered_lines": 0, "num_statements": 1, "percent_covered": 0.0, "percent_covered_display": "0", "missing_lines": 1, "excluded_lines": 0}, "missing_lines": [252], "excluded_lines": []}, "SRService.get_average_score": {"executed_lines": [], "summary": {"covered_lines": 0, "num_statements": 4, "percent_covered": 0.0, "percent_covered_display": "0", "missing_lines": 4, "excluded_lines": 0}, "missing_lines": [256, 257, 259, 260], "excluded_lines": []}, "SRService.is_healthy": {"executed_lines": [], "summary": {"covered_lines": 0, "num_statements": 4, "percent_covered": 0.0, "percent_covered_display": "0", "missing_lines": 4, "excluded_lines": 0}, "missing_lines": [269, 270, 271, 273], "excluded_lines": []}, "SRService.get_health_report": {"executed_lines": [], "summary": {"covered_lines": 0, "num_statements": 5, "percent_covered": 0.0, "percent_covered_display": "0", "missing_lines": 5, "excluded_lines": 0}, "missing_lines": [287, 288, 290, 291, 293], "excluded_lines": []}, "SRService.start_monitoring": {"executed_lines": [], "summary": {"covered_lines": 0, "num_statements": 4, "percent_covered": 0.0, "percent_covered_display": "0", "missing_lines": 4, "excluded_lines": 0}, "missing_lines": [334, 335, 337, 338], "excluded_lines": []}, "SRService.stop_monitoring": {"executed_lines": [], "summary": {"covered_lines": 0, "num_statements": 7, "percent_covered": 0.0, "percent_covered_display": "0", "missing_lines": 7, "excluded_lines": 0}, "missing_lines": [344, 345, 346, 347, 348, 349, 350], "excluded_lines": []}, "SRService._monitoring_loop": {"executed_lines": [], "summary": {"covered_lines": 0, "num_statements": 9, "percent_covered": 0.0, "percent_covered_display": "0", "missing_lines": 9, "excluded_lines": 0}, "missing_lines": [358, 359, 361, 362, 363, 364, 366, 367, 369], "excluded_lines": []}, "quick_sr_score": {"executed_lines": [], "summary": {"covered_lines": 0, "num_statements": 5, "percent_covered": 0.0, "percent_covered_display": "0", "missing_lines": 5, "excluded_lines": 0}, "missing_lines": [392, 393, 394, 395, 397], "excluded_lines": []}, "verify_token": {"executed_lines": [], "summary": {"covered_lines": 0, "num_statements": 2, "percent_covered": 0.0, "percent_covered_display": "0", "missing_lines": 2, "excluded_lines": 0}, "missing_lines": [441, 442], "excluded_lines": []}, "health": {"executed_lines": [], "summary": {"covered_lines": 0, "num_statements": 1, "percent_covered": 0.0, "percent_covered_display": "0", "missing_lines": 1, "excluded_lines": 0}, "missing_lines": [459], "excluded_lines": []}, "get_latest_score": {"executed_lines": [], "summary": {"covered_lines": 0, "num_statements": 4, "percent_covered": 0.0, "percent_covered_display": "0", "missing_lines": 4, "excluded_lines": 0}, "missing_lines": [464, 465, 466, 467], "excluded_lines": []}, "compute_score": {"executed_lines": [], "summary": {"covered_lines": 0, "num_statements": 2, "percent_covered": 0.0, "percent_covered_display": "0", "missing_lines": 2, "excluded_lines": 0}, "missing_lines": [479, 485], "excluded_lines": []}, "get_health_report": {"executed_lines": [], "summary": {"covered_lines": 0, "num_statements": 1, "percent_covered": 0.0, "percent_covered_display": "0", "missing_lines": 1, "excluded_lines": 0}, "missing_lines": [497], "excluded_lines": []}, "get_average": {"executed_lines": [], "summary": {"covered_lines": 0, "num_statements": 1, "percent_covered": 0.0, "percent_covered_display": "0", "missing_lines": 1, "excluded_lines": 0}, "missing_lines": [502], "excluded_lines": []}, "": {"executed_lines": [], "summary": {"covered_lines": 0, "num_statements": 68, "percent_covered": 0.0, "percent_covered_display": "0", "missing_lines": 68, "excluded_lines": 0}, "missing_lines": [20, 22, 23, 24, 25, 26, 28, 29, 30, 31, 39, 40, 54, 55, 56, 57, 60, 61, 64, 65, 66, 67, 69, 80, 130, 154, 182, 250, 254, 262, 280, 322, 342, 352, 377, 404, 405, 406, 407, 408, 409, 410, 411, 414, 416, 423, 424, 427, 436, 438, 447, 449, 451, 452, 453, 454, 456, 457, 461, 462, 476, 477, 494, 495, 499, 500, 504, 506], "excluded_lines": []}}, "classes": {"SRScore": {"executed_lines": [], "summary": {"covered_lines": 0, "num_statements": 2, "percent_covered": 0.0, "percent_covered_display": "0", "missing_lines": 2, "excluded_lines": 0}, "missing_lines": [71, 72], "excluded_lines": []}, "SRService": {"executed_lines": [], "summary": {"covered_lines": 0, "num_statements": 53, "percent_covered": 0.0, "percent_covered_display": "0", "missing_lines": 53, "excluded_lines": 0}, "missing_lines": [170, 171, 178, 179, 180, 206, 209, 210, 211, 215, 218, 219, 223, 227, 228, 231, 234, 246, 248, 252, 256, 257, 259, 260, 269, 270, 271, 273, 287, 288, 290, 291, 293, 334, 335, 337, 338, 344, 345, 346, 347, 348, 349, 350, 358, 359, 361, 362, 363, 364, 366, 367, 369], "excluded_lines": []}, "ScoreRequest": {"executed_lines": [], "summary": {"covered_lines": 0, "num_statements": 0, "percent_covered": 100.0, "percent_covered_display": "100", "missing_lines": 0, "excluded_lines": 0}, "missing_lines": [], "excluded_lines": []}, "": {"executed_lines": [], "summary": {"covered_lines": 0, "num_statements": 88, "percent_covered": 0.0, "percent_covered_display": "0", "missing_lines": 88, "excluded_lines": 0}, "missing_lines": [20, 22, 23, 24, 25, 26, 28, 29, 30, 31, 39, 40, 54, 55, 56, 57, 60, 61, 64, 65, 66, 67, 69, 80, 109, 112, 120, 122, 130, 154, 182, 250, 254, 262, 280, 322, 342, 352, 377, 392, 393, 394, 395, 397, 404, 405, 406, 407, 408, 409, 410, 411, 414, 416, 423, 424, 427, 436, 438, 441, 442, 447, 449, 451, 452, 453, 454, 456, 457, 459, 461, 462, 464, 465, 466, 467, 476, 477, 479, 485, 494, 495, 497, 499, 500, 502, 504, 506], "excluded_lines": []}}}, "penin/tools/__init__.py": {"executed_lines": [], "summary": {"covered_lines": 0, "num_statements": 2, "percent_covered": 0.0, "percent_covered_display": "0", "missing_lines": 2, "excluded_lines": 0}, "missing_lines": [8, 10], "excluded_lines": [], "functions": {"": {"executed_lines": [], "summary": {"covered_lines": 0, "num_statements": 2, "percent_covered": 0.0, "percent_covered_display": "0", "missing_lines": 2, "excluded_lines": 0}, "missing_lines": [8, 10], "excluded_lines": []}}, "classes": {"": {"executed_lines": [], "summary": {"covered_lines": 0, "num_statements": 2, "percent_covered": 0.0, "percent_covered_display": "0", "missing_lines": 2, "excluded_lines": 0}, "missing_lines": [8, 10], "excluded_lines": []}}}, "penin/tools/registry.py": {"executed_lines": [], "summary": {"covered_lines": 0, "num_statements": 9, "percent_covered": 0.0, "percent_covered_display": "0", "missing_lines": 9, "excluded_lines": 0}, "missing_lines": [1, 3, 4, 7, 8, 9, 10, 11, 12], "excluded_lines": [], "functions": {"execute_tool": {"executed_lines": [], "summary": {"covered_lines": 0, "num_statements": 5, "percent_covered": 0.0, "percent_covered_display": "0", "missing_lines": 5, "excluded_lines": 0}, "missing_lines": [8, 9, 10, 11, 12], "excluded_lines": []}, "": {"executed_lines": [], "summary": {"covered_lines": 0, "num_statements": 4, "percent_covered": 0.0, "percent_covered_display": "0", "missing_lines": 4, "excluded_lines": 0}, "missing_lines": [1, 3, 4, 7], "excluded_lines": []}}, "classes": {"": {"executed_lines": [], "summary": {"covered_lines": 0, "num_statements": 9, "percent_covered": 0.0, "percent_covered_display": "0", "missing_lines": 9, "excluded_lines": 0}, "missing_lines": [1, 3, 4, 7, 8, 9, 10, 11, 12], "excluded_lines": []}}}, "penin/tools/schemas.py": {"executed_lines": [], "summary": {"covered_lines": 0, "num_statements": 2, "percent_covered": 0.0, "percent_covered_display": "0", "missing_lines": 2, "excluded_lines": 0}, "missing_lines": [1, 17], "excluded_lines": [], "functions": {"": {"executed_lines": [], "summary": {"covered_lines": 0, "num_statements": 2, "percent_covered": 0.0, "percent_covered_display": "0", "missing_lines": 2, "excluded_lines": 0}, "missing_lines": [1, 17], "excluded_lines": []}}, "classes": {"": {"executed_lines": [], "summary": {"covered_lines": 0, "num_statements": 2, "percent_covered": 0.0, "percent_covered_display": "0", "missing_lines": 2, "excluded_lines": 0}, "missing_lines": [1, 17], "excluded_lines": []}}}}, "totals": {"covered_lines": 773, "num_statements": 10058, "percent_covered": 7.685424537681447, "percent_covered_display": "8", "missing_lines": 9285, "excluded_lines": 214}}